#
# There is insufficient memory for the Java Runtime Environment to continue.
# Native memory allocation (malloc) failed to allocate 1790736 bytes for Chunk::new
# Possible reasons:
#   The system is out of physical RAM or swap space
#   The process is running with CompressedOops enabled, and the Java Heap may be blocking the growth of the native heap
# Possible solutions:
#   Reduce memory load on the system
#   Increase physical memory or swap space
#   Check if swap backing store is full
#   Decrease Java heap size (-Xmx/-Xms)
#   Decrease number of Java threads
#   Decrease Java thread stack sizes (-Xss)
#   Set larger code cache with -XX:ReservedCodeCacheSize=
#   JVM is running with Unscaled Compressed Oops mode in which the Java heap is
#     placed in the first 4GB address space. The Java Heap base address is the
#     maximum limit for the native heap growth. Please use -XX:HeapBaseMinAddress
#     to set the Java Heap base and to place the Java Heap above 4GB virtual address.
# This output file may be truncated or incomplete.
#
#  Out of Memory Error (./src/hotspot/share/memory/arena.cpp:197), pid=10452, tid=10496
#
# JRE version: OpenJDK Runtime Environment (11.0.10) (build 11.0.10+0-b96-7249189)
# Java VM: OpenJDK 64-Bit Server VM (11.0.10+0-b96-7249189, mixed mode, tiered, compressed oops, g1 gc, windows-amd64)
# No core dump will be written. Minidumps are not enabled by default on client versions of Windows
#

---------------  S U M M A R Y ------------

Command Line: --add-opens=java.base/java.util=ALL-UNNAMED --add-opens=java.base/java.lang=ALL-UNNAMED --add-opens=java.base/java.lang.invoke=ALL-UNNAMED --add-opens=java.base/java.util=ALL-UNNAMED --add-opens=java.prefs/java.util.prefs=ALL-UNNAMED --add-opens=java.prefs/java.util.prefs=ALL-UNNAMED --add-opens=java.base/java.nio.charset=ALL-UNNAMED --add-opens=java.base/java.net=ALL-UNNAMED --add-opens=java.base/java.util.concurrent.atomic=ALL-UNNAMED -Xmx2048m -Dfile.encoding=UTF-8 -Duser.country=CA -Duser.language=en -Duser.variant org.gradle.launcher.daemon.bootstrap.GradleDaemon 7.0.2

Host: Intel(R) Core(TM) i7-7500U CPU @ 2.70GHz, 4 cores, 15G,  Windows 10 , 64 bit Build 17763 (10.0.17763.1158)
Time: Thu Feb 17 13:19:05 2022 Eastern Standard Time elapsed time: 44.928275 seconds (0d 0h 0m 44s)

---------------  T H R E A D  ---------------

Current thread (0x0000023500dda800):  JavaThread "C2 CompilerThread0" daemon [_thread_in_native, id=10496, stack(0x0000007cb8a00000,0x0000007cb8b00000)]


Current CompileTask:
C2:  44928 10123       4       com.android.utils.XmlUtils::append (647 bytes)

Stack: [0x0000007cb8a00000,0x0000007cb8b00000]
Native frames: (J=compiled Java code, j=interpreted, Vv=VM code, C=native code)
V  [jvm.dll+0x5ecfaa]
V  [jvm.dll+0x722bd5]
V  [jvm.dll+0x72412d]
V  [jvm.dll+0x7247e3]
V  [jvm.dll+0x242928]
V  [jvm.dll+0xbc4fc]
V  [jvm.dll+0xbca0c]
V  [jvm.dll+0x352d3b]
V  [jvm.dll+0x320ad3]
V  [jvm.dll+0x31ffca]
V  [jvm.dll+0x1fb602]
V  [jvm.dll+0x1fa7f4]
V  [jvm.dll+0x18354c]
V  [jvm.dll+0x208ee7]
V  [jvm.dll+0x207731]
V  [jvm.dll+0x6eb1cf]
V  [jvm.dll+0x6e3d45]
V  [jvm.dll+0x5ebe96]
C  [ucrtbase.dll+0x21ffa]
C  [KERNEL32.DLL+0x17974]
C  [ntdll.dll+0x6a271]


---------------  P R O C E S S  ---------------

Threads class SMR info:
_java_thread_list=0x00000235083e7d50, length=50, elements={
0x0000023564972000, 0x0000023500d75800, 0x0000023500d79000, 0x0000023500dd3000,
0x0000023500dd5000, 0x0000023500dd7000, 0x0000023500dda800, 0x0000023500ddf000,
0x0000023500dfd000, 0x0000023500f64800, 0x0000023502995000, 0x0000023503cdb000,
0x0000023503833800, 0x0000023503024800, 0x0000023503ebe800, 0x0000023502a0b000,
0x0000023503bde000, 0x0000023502e6c800, 0x00000235023b5000, 0x00000235023b4000,
0x00000235023b3000, 0x00000235023b0000, 0x00000235023b2800, 0x00000235023b5800,
0x00000235023b6800, 0x00000235023b1000, 0x00000235023b1800, 0x0000023503b5b000,
0x0000023503b5d800, 0x0000023503b59800, 0x0000023503b5a000, 0x0000023503b5e000,
0x0000023503b60800, 0x0000023503b62800, 0x0000023503b60000, 0x0000023503b5c800,
0x0000023503b64000, 0x0000023503b63000, 0x0000023503b68000, 0x0000023503b67000,
0x0000023503b64800, 0x0000023503b66800, 0x0000023503fb8800, 0x0000023503fb6000,
0x0000023503fb9800, 0x0000023503fba000, 0x0000023503fb5800, 0x0000023503fb7000,
0x0000023503fbb000, 0x000002350885b000
}

Java Threads: ( => current thread )
  0x0000023564972000 JavaThread "main" [_thread_blocked, id=17904, stack(0x0000007cb7e00000,0x0000007cb7f00000)]
  0x0000023500d75800 JavaThread "Reference Handler" daemon [_thread_blocked, id=19724, stack(0x0000007cb8500000,0x0000007cb8600000)]
  0x0000023500d79000 JavaThread "Finalizer" daemon [_thread_blocked, id=19256, stack(0x0000007cb8600000,0x0000007cb8700000)]
  0x0000023500dd3000 JavaThread "Signal Dispatcher" daemon [_thread_blocked, id=19448, stack(0x0000007cb8700000,0x0000007cb8800000)]
  0x0000023500dd5000 JavaThread "Attach Listener" daemon [_thread_blocked, id=7552, stack(0x0000007cb8800000,0x0000007cb8900000)]
  0x0000023500dd7000 JavaThread "Service Thread" daemon [_thread_blocked, id=17204, stack(0x0000007cb8900000,0x0000007cb8a00000)]
=>0x0000023500dda800 JavaThread "C2 CompilerThread0" daemon [_thread_in_native, id=10496, stack(0x0000007cb8a00000,0x0000007cb8b00000)]
  0x0000023500ddf000 JavaThread "C1 CompilerThread0" daemon [_thread_blocked, id=22032, stack(0x0000007cb8b00000,0x0000007cb8c00000)]
  0x0000023500dfd000 JavaThread "Sweeper thread" daemon [_thread_blocked, id=2916, stack(0x0000007cb8c00000,0x0000007cb8d00000)]
  0x0000023500f64800 JavaThread "Common-Cleaner" daemon [_thread_blocked, id=20684, stack(0x0000007cb8d00000,0x0000007cb8e00000)]
  0x0000023502995000 JavaThread "Daemon health stats" [_thread_blocked, id=5300, stack(0x0000007cb9300000,0x0000007cb9400000)]
  0x0000023503cdb000 JavaThread "Incoming local TCP Connector on port 49184" [_thread_in_native, id=6772, stack(0x0000007cb9200000,0x0000007cb9300000)]
  0x0000023503833800 JavaThread "Daemon periodic checks" [_thread_blocked, id=10896, stack(0x0000007cb9400000,0x0000007cb9500000)]
  0x0000023503024800 JavaThread "Daemon" [_thread_blocked, id=19916, stack(0x0000007cb9500000,0x0000007cb9600000)]
  0x0000023503ebe800 JavaThread "Handler for socket connection from /127.0.0.1:49184 to /127.0.0.1:49185" [_thread_in_native, id=22716, stack(0x0000007cb9600000,0x0000007cb9700000)]
  0x0000023502a0b000 JavaThread "Cancel handler" [_thread_blocked, id=17200, stack(0x0000007cb9700000,0x0000007cb9800000)]
  0x0000023503bde000 JavaThread "Daemon worker" [_thread_in_native, id=22020, stack(0x0000007cb9800000,0x0000007cb9900000)]
  0x0000023502e6c800 JavaThread "Asynchronous log dispatcher for DefaultDaemonConnection: socket connection from /127.0.0.1:49184 to /127.0.0.1:49185" [_thread_blocked, id=22452, stack(0x0000007cb9900000,0x0000007cb9a00000)]
  0x00000235023b5000 JavaThread "Stdin handler" [_thread_blocked, id=21668, stack(0x0000007cb9a00000,0x0000007cb9b00000)]
  0x00000235023b4000 JavaThread "Daemon client event forwarder" [_thread_blocked, id=7832, stack(0x0000007cb9b00000,0x0000007cb9c00000)]
  0x00000235023b3000 JavaThread "Cache worker for file hash cache (C:\Users\raind\Documents\gradle-6.1.1\caches\7.0.2\fileHashes)" [_thread_blocked, id=22776, stack(0x0000007cb9c00000,0x0000007cb9d00000)]
  0x00000235023b0000 JavaThread "File lock request listener" [_thread_in_native, id=3880, stack(0x0000007cb9d00000,0x0000007cb9e00000)]
  0x00000235023b2800 JavaThread "Cache worker for journal cache (C:\Users\raind\Documents\gradle-6.1.1\caches\journal-1)" [_thread_blocked, id=4944, stack(0x0000007cb9e00000,0x0000007cb9f00000)]
  0x00000235023b5800 JavaThread "Cache worker for file hash cache (C:\Users\raind\Documents\GitHub\meteo\SteamGamesCatalogue\.gradle\7.0.2\fileHashes)" [_thread_blocked, id=16888, stack(0x0000007cb9f00000,0x0000007cba000000)]
  0x00000235023b6800 JavaThread "File watcher server" daemon [_thread_in_native, id=15164, stack(0x0000007cba000000,0x0000007cba100000)]
  0x00000235023b1000 JavaThread "File watcher consumer" daemon [_thread_blocked, id=17676, stack(0x0000007cba100000,0x0000007cba200000)]
  0x00000235023b1800 JavaThread "Cache worker for checksums cache (C:\Users\raind\Documents\GitHub\meteo\SteamGamesCatalogue\.gradle\checksums)" [_thread_blocked, id=15276, stack(0x0000007cba200000,0x0000007cba300000)]
  0x0000023503b5b000 JavaThread "Cache worker for cache directory md-supplier (C:\Users\raind\Documents\gradle-6.1.1\caches\7.0.2\md-supplier)" [_thread_blocked, id=15144, stack(0x0000007cba300000,0x0000007cba400000)]
  0x0000023503b5d800 JavaThread "Cache worker for cache directory md-rule (C:\Users\raind\Documents\gradle-6.1.1\caches\7.0.2\md-rule)" [_thread_blocked, id=3460, stack(0x0000007cba500000,0x0000007cba600000)]
  0x0000023503b59800 JavaThread "Cache worker for execution history cache (C:\Users\raind\Documents\gradle-6.1.1\caches\7.0.2\executionHistory)" [_thread_blocked, id=4132, stack(0x0000007cba600000,0x0000007cba700000)]
  0x0000023503b5a000 JavaThread "jar transforms" [_thread_blocked, id=3668, stack(0x0000007cba700000,0x0000007cba800000)]
  0x0000023503b5e000 JavaThread "jar transforms Thread 2" [_thread_blocked, id=21812, stack(0x0000007cba800000,0x0000007cba900000)]
  0x0000023503b60800 JavaThread "Cache worker for file content cache (C:\Users\raind\Documents\gradle-6.1.1\caches\7.0.2\fileContent)" [_thread_blocked, id=18820, stack(0x0000007cba900000,0x0000007cbaa00000)]
  0x0000023503b62800 JavaThread "Cache worker for dependencies-accessors (C:\Users\raind\Documents\GitHub\meteo\SteamGamesCatalogue\.gradle\7.0.2\dependencies-accessors)" [_thread_blocked, id=13212, stack(0x0000007cbaa00000,0x0000007cbab00000)]
  0x0000023503b60000 JavaThread "jar transforms Thread 3" [_thread_blocked, id=3820, stack(0x0000007cbab00000,0x0000007cbac00000)]
  0x0000023503b5c800 JavaThread "Cache worker for Build Output Cleanup Cache (C:\Users\raind\Documents\GitHub\meteo\SteamGamesCatalogue\.gradle\buildOutputCleanup)" [_thread_blocked, id=18060, stack(0x0000007cbac00000,0x0000007cbad00000)]
  0x0000023503b64000 JavaThread "Build operations" [_thread_blocked, id=20304, stack(0x0000007cba400000,0x0000007cba500000)]
  0x0000023503b63000 JavaThread "Build operations Thread 2" [_thread_blocked, id=12216, stack(0x0000007cbad00000,0x0000007cbae00000)]
  0x0000023503b68000 JavaThread "Build operations Thread 3" [_thread_blocked, id=208, stack(0x0000007cbae00000,0x0000007cbaf00000)]
  0x0000023503b67000 JavaThread "Build operations Thread 4" [_thread_blocked, id=15192, stack(0x0000007cbaf00000,0x0000007cbb000000)]
  0x0000023503b64800 JavaThread "jar transforms Thread 4" [_thread_blocked, id=10604, stack(0x0000007cbb100000,0x0000007cbb200000)]
  0x0000023503b66800 JavaThread "Memory manager" [_thread_blocked, id=3560, stack(0x0000007cbb200000,0x0000007cbb300000)]
  0x0000023503fb8800 JavaThread "build event listener" [_thread_blocked, id=2124, stack(0x0000007cbb000000,0x0000007cbb100000)]
  0x0000023503fb6000 JavaThread "Execution worker for ':'" [_thread_blocked, id=18608, stack(0x0000007cbb300000,0x0000007cbb400000)]
  0x0000023503fb9800 JavaThread "Execution worker for ':' Thread 2" [_thread_blocked, id=9000, stack(0x0000007cbb400000,0x0000007cbb500000)]
  0x0000023503fba000 JavaThread "Execution worker for ':' Thread 3" [_thread_blocked, id=19024, stack(0x0000007cbb500000,0x0000007cbb600000)]
  0x0000023503fb5800 JavaThread "Cache worker for execution history cache (C:\Users\raind\Documents\GitHub\meteo\SteamGamesCatalogue\.gradle\7.0.2\executionHistory)" [_thread_blocked, id=20064, stack(0x0000007cbb600000,0x0000007cbb700000)]
  0x0000023503fb7000 JavaThread "WorkerExecutor Queue" [_thread_blocked, id=20020, stack(0x0000007cb7b00000,0x0000007cb7c00000)]
  0x0000023503fbb000 JavaThread "WorkerExecutor Queue Thread 2" [_thread_blocked, id=22164, stack(0x0000007cbba00000,0x0000007cbbb00000)]
  0x000002350885b000 JavaThread "C2 CompilerThread1" daemon [_thread_blocked, id=15604, stack(0x0000007cbb700000,0x0000007cbb800000)]

Other Threads:
  0x0000023500d72800 VMThread "VM Thread" [stack: 0x0000007cb8400000,0x0000007cb8500000] [id=2664]
  0x0000023500fa8800 WatcherThread [stack: 0x0000007cb8e00000,0x0000007cb8f00000] [id=11068]
  0x000002356498a000 GCTaskThread "GC Thread#0" [stack: 0x0000007cb7f00000,0x0000007cb8000000] [id=5028]
  0x0000023501062000 GCTaskThread "GC Thread#1" [stack: 0x0000007cb8f00000,0x0000007cb9000000] [id=22616]
  0x0000023501281000 GCTaskThread "GC Thread#2" [stack: 0x0000007cb9000000,0x0000007cb9100000] [id=23364]
  0x0000023501318000 GCTaskThread "GC Thread#3" [stack: 0x0000007cb9100000,0x0000007cb9200000] [id=3952]
  0x00000235649ba800 ConcurrentGCThread "G1 Main Marker" [stack: 0x0000007cb8000000,0x0000007cb8100000] [id=11644]
  0x00000235649bb800 ConcurrentGCThread "G1 Conc#0" [stack: 0x0000007cb8100000,0x0000007cb8200000] [id=7480]
  0x00000235003b6800 ConcurrentGCThread "G1 Refine#0" [stack: 0x0000007cb8200000,0x0000007cb8300000] [id=9568]
  0x00000235003b7800 ConcurrentGCThread "G1 Young RemSet Sampling" [stack: 0x0000007cb8300000,0x0000007cb8400000] [id=18884]

Threads with active compile tasks:
C2 CompilerThread0  44963 10123       4       com.android.utils.XmlUtils::append (647 bytes)

VM state:not at safepoint (normal execution)

VM Mutex/Monitor currently owned by a thread: None

Heap address: 0x0000000080000000, size: 2048 MB, Compressed Oops mode: 32-bit
Narrow klass base: 0x0000000000000000, Narrow klass shift: 3
Compressed class space size: 1073741824 Address: 0x0000000100000000

Heap:
 garbage-first heap   total 260096K, used 147398K [0x0000000080000000, 0x0000000100000000)
  region size 1024K, 85 young (87040K), 13 survivors (13312K)
 Metaspace       used 81936K, capacity 84054K, committed 84172K, reserved 1122304K
  class space    used 10581K, capacity 11381K, committed 11468K, reserved 1048576K
Heap Regions: E=young(eden), S=young(survivor), O=old, HS=humongous(starts), HC=humongous(continues), CS=collection set, F=free, A=archive, TAMS=top-at-mark-start (previous, next)
|   0|0x0000000080000000, 0x0000000080100000, 0x0000000080100000|100%|HS|  |TAMS 0x0000000080100000, 0x0000000080000000| Complete 
|   1|0x0000000080100000, 0x0000000080200000, 0x0000000080200000|100%|HC|  |TAMS 0x0000000080200000, 0x0000000080100000| Complete 
|   2|0x0000000080200000, 0x0000000080300000, 0x0000000080300000|100%|HC|  |TAMS 0x0000000080300000, 0x0000000080200000| Complete 
|   3|0x0000000080300000, 0x0000000080400000, 0x0000000080400000|100%| O|  |TAMS 0x0000000080400000, 0x0000000080300000| Untracked 
|   4|0x0000000080400000, 0x0000000080500000, 0x0000000080500000|100%| O|  |TAMS 0x0000000080500000, 0x0000000080400000| Untracked 
|   5|0x0000000080500000, 0x0000000080600000, 0x0000000080600000|100%| O|  |TAMS 0x0000000080600000, 0x0000000080500000| Untracked 
|   6|0x0000000080600000, 0x0000000080700000, 0x0000000080700000|100%| O|  |TAMS 0x0000000080700000, 0x0000000080600000| Untracked 
|   7|0x0000000080700000, 0x0000000080800000, 0x0000000080800000|100%| O|  |TAMS 0x0000000080800000, 0x0000000080700000| Untracked 
|   8|0x0000000080800000, 0x0000000080900000, 0x0000000080900000|100%| O|  |TAMS 0x0000000080900000, 0x0000000080800000| Untracked 
|   9|0x0000000080900000, 0x0000000080a00000, 0x0000000080a00000|100%| O|  |TAMS 0x0000000080a00000, 0x0000000080900000| Untracked 
|  10|0x0000000080a00000, 0x0000000080b00000, 0x0000000080b00000|100%| O|  |TAMS 0x0000000080b00000, 0x0000000080a00000| Untracked 
|  11|0x0000000080b00000, 0x0000000080c00000, 0x0000000080c00000|100%| O|  |TAMS 0x0000000080c00000, 0x0000000080b00000| Untracked 
|  12|0x0000000080c00000, 0x0000000080d00000, 0x0000000080d00000|100%| O|  |TAMS 0x0000000080d00000, 0x0000000080c00000| Untracked 
|  13|0x0000000080d00000, 0x0000000080e00000, 0x0000000080e00000|100%| O|  |TAMS 0x0000000080e00000, 0x0000000080d00000| Untracked 
|  14|0x0000000080e00000, 0x0000000080f00000, 0x0000000080f00000|100%| O|  |TAMS 0x0000000080f00000, 0x0000000080e00000| Untracked 
|  15|0x0000000080f00000, 0x0000000081000000, 0x0000000081000000|100%| O|  |TAMS 0x0000000081000000, 0x0000000080f00000| Untracked 
|  16|0x0000000081000000, 0x0000000081100000, 0x0000000081100000|100%|HS|  |TAMS 0x0000000081100000, 0x0000000081000000| Complete 
|  17|0x0000000081100000, 0x0000000081200000, 0x0000000081200000|100%|HS|  |TAMS 0x0000000081200000, 0x0000000081100000| Complete 
|  18|0x0000000081200000, 0x0000000081300000, 0x0000000081300000|100%|HS|  |TAMS 0x0000000081300000, 0x0000000081200000| Complete 
|  19|0x0000000081300000, 0x0000000081400000, 0x0000000081400000|100%|HC|  |TAMS 0x0000000081400000, 0x0000000081300000| Complete 
|  20|0x0000000081400000, 0x0000000081500000, 0x0000000081500000|100%| O|  |TAMS 0x0000000081500000, 0x0000000081400000| Untracked 
|  21|0x0000000081500000, 0x0000000081600000, 0x0000000081600000|100%| O|  |TAMS 0x0000000081600000, 0x0000000081500000| Untracked 
|  22|0x0000000081600000, 0x0000000081700000, 0x0000000081700000|100%| O|  |TAMS 0x0000000081700000, 0x0000000081600000| Untracked 
|  23|0x0000000081700000, 0x0000000081800000, 0x0000000081800000|100%| O|  |TAMS 0x0000000081800000, 0x0000000081700000| Untracked 
|  24|0x0000000081800000, 0x0000000081900000, 0x0000000081900000|100%| O|  |TAMS 0x0000000081900000, 0x0000000081800000| Untracked 
|  25|0x0000000081900000, 0x0000000081a00000, 0x0000000081a00000|100%| O|  |TAMS 0x0000000081a00000, 0x0000000081900000| Untracked 
|  26|0x0000000081a00000, 0x0000000081b00000, 0x0000000081b00000|100%| O|  |TAMS 0x0000000081b00000, 0x0000000081a00000| Untracked 
|  27|0x0000000081b00000, 0x0000000081c00000, 0x0000000081c00000|100%| O|  |TAMS 0x0000000081c00000, 0x0000000081b00000| Untracked 
|  28|0x0000000081c00000, 0x0000000081d00000, 0x0000000081d00000|100%| O|  |TAMS 0x0000000081d00000, 0x0000000081c00000| Untracked 
|  29|0x0000000081d00000, 0x0000000081e00000, 0x0000000081e00000|100%| O|  |TAMS 0x0000000081e00000, 0x0000000081d00000| Untracked 
|  30|0x0000000081e00000, 0x0000000081f00000, 0x0000000081f00000|100%| O|  |TAMS 0x0000000081f00000, 0x0000000081e00000| Untracked 
|  31|0x0000000081f00000, 0x0000000082000000, 0x0000000082000000|100%| O|  |TAMS 0x0000000082000000, 0x0000000081f00000| Untracked 
|  32|0x0000000082000000, 0x0000000082100000, 0x0000000082100000|100%| O|  |TAMS 0x0000000082100000, 0x0000000082000000| Untracked 
|  33|0x0000000082100000, 0x0000000082200000, 0x0000000082200000|100%| O|  |TAMS 0x0000000082200000, 0x0000000082100000| Untracked 
|  34|0x0000000082200000, 0x0000000082300000, 0x0000000082300000|100%| O|  |TAMS 0x0000000082300000, 0x0000000082200000| Untracked 
|  35|0x0000000082300000, 0x0000000082400000, 0x0000000082400000|100%| O|  |TAMS 0x0000000082400000, 0x0000000082300000| Untracked 
|  36|0x0000000082400000, 0x0000000082500000, 0x0000000082500000|100%| O|  |TAMS 0x0000000082500000, 0x0000000082400000| Untracked 
|  37|0x0000000082500000, 0x0000000082600000, 0x0000000082600000|100%| O|  |TAMS 0x0000000082600000, 0x0000000082500000| Untracked 
|  38|0x0000000082600000, 0x0000000082700000, 0x0000000082700000|100%| O|  |TAMS 0x0000000082700000, 0x0000000082600000| Untracked 
|  39|0x0000000082700000, 0x0000000082800000, 0x0000000082800000|100%| O|  |TAMS 0x0000000082800000, 0x0000000082700000| Untracked 
|  40|0x0000000082800000, 0x0000000082900000, 0x0000000082900000|100%| O|  |TAMS 0x0000000082900000, 0x0000000082800000| Untracked 
|  41|0x0000000082900000, 0x0000000082a00000, 0x0000000082a00000|100%| O|  |TAMS 0x00000000829db800, 0x0000000082900000| Untracked 
|  42|0x0000000082a00000, 0x0000000082b00000, 0x0000000082b00000|100%| O|  |TAMS 0x0000000082a00000, 0x0000000082a00000| Untracked 
|  43|0x0000000082b00000, 0x0000000082c00000, 0x0000000082c00000|100%| O|  |TAMS 0x0000000082b00000, 0x0000000082b00000| Untracked 
|  44|0x0000000082c00000, 0x0000000082d00000, 0x0000000082d00000|100%| O|  |TAMS 0x0000000082c00000, 0x0000000082c00000| Untracked 
|  45|0x0000000082d00000, 0x0000000082e00000, 0x0000000082e00000|100%| O|  |TAMS 0x0000000082d00000, 0x0000000082d00000| Untracked 
|  46|0x0000000082e00000, 0x0000000082f00000, 0x0000000082f00000|100%| O|  |TAMS 0x0000000082e00000, 0x0000000082e00000| Untracked 
|  47|0x0000000082f00000, 0x0000000083000000, 0x0000000083000000|100%| O|  |TAMS 0x0000000082f00000, 0x0000000082f00000| Untracked 
|  48|0x0000000083000000, 0x0000000083100000, 0x0000000083100000|100%| O|  |TAMS 0x0000000083000000, 0x0000000083000000| Untracked 
|  49|0x0000000083100000, 0x0000000083200000, 0x0000000083200000|100%| O|  |TAMS 0x0000000083100000, 0x0000000083100000| Untracked 
|  50|0x0000000083200000, 0x000000008324e200, 0x0000000083300000| 30%| O|  |TAMS 0x0000000083200000, 0x0000000083200000| Untracked 
|  51|0x0000000083300000, 0x0000000083400000, 0x0000000083400000|100%|HS|  |TAMS 0x0000000083300000, 0x0000000083300000| Complete 
|  52|0x0000000083400000, 0x0000000083500000, 0x0000000083500000|100%|HS|  |TAMS 0x0000000083400000, 0x0000000083400000| Complete 
|  53|0x0000000083500000, 0x0000000083600000, 0x0000000083600000|100%|HS|  |TAMS 0x0000000083500000, 0x0000000083500000| Complete 
|  54|0x0000000083600000, 0x0000000083700000, 0x0000000083700000|100%|HS|  |TAMS 0x0000000083600000, 0x0000000083600000| Complete 
|  55|0x0000000083700000, 0x0000000083800000, 0x0000000083800000|100%|HS|  |TAMS 0x0000000083700000, 0x0000000083700000| Complete 
|  56|0x0000000083800000, 0x0000000083900000, 0x0000000083900000|100%|HC|  |TAMS 0x0000000083800000, 0x0000000083800000| Complete 
|  57|0x0000000083900000, 0x0000000083a00000, 0x0000000083a00000|100%|HS|  |TAMS 0x0000000083900000, 0x0000000083900000| Complete 
|  58|0x0000000083a00000, 0x0000000083b00000, 0x0000000083b00000|100%|HS|  |TAMS 0x0000000083a00000, 0x0000000083a00000| Complete 
|  59|0x0000000083b00000, 0x0000000083c00000, 0x0000000083c00000|100%|HC|  |TAMS 0x0000000083b00000, 0x0000000083b00000| Complete 
|  60|0x0000000083c00000, 0x0000000083d00000, 0x0000000083d00000|100%|HS|  |TAMS 0x0000000083c00000, 0x0000000083c00000| Complete 
|  61|0x0000000083d00000, 0x0000000083e00000, 0x0000000083e00000|100%|HC|  |TAMS 0x0000000083d00000, 0x0000000083d00000| Complete 
|  62|0x0000000083e00000, 0x0000000083e00000, 0x0000000083f00000|  0%| F|  |TAMS 0x0000000083e00000, 0x0000000083e00000| Untracked 
|  63|0x0000000083f00000, 0x0000000083f00000, 0x0000000084000000|  0%| F|  |TAMS 0x0000000083f00000, 0x0000000083f00000| Untracked 
|  64|0x0000000084000000, 0x0000000084000000, 0x0000000084100000|  0%| F|  |TAMS 0x0000000084000000, 0x0000000084000000| Untracked 
|  65|0x0000000084100000, 0x0000000084100000, 0x0000000084200000|  0%| F|  |TAMS 0x0000000084100000, 0x0000000084100000| Untracked 
|  66|0x0000000084200000, 0x0000000084200000, 0x0000000084300000|  0%| F|  |TAMS 0x0000000084200000, 0x0000000084200000| Untracked 
|  67|0x0000000084300000, 0x0000000084300000, 0x0000000084400000|  0%| F|  |TAMS 0x0000000084300000, 0x0000000084300000| Untracked 
|  68|0x0000000084400000, 0x0000000084400000, 0x0000000084500000|  0%| F|  |TAMS 0x0000000084400000, 0x0000000084400000| Untracked 
|  69|0x0000000084500000, 0x0000000084500000, 0x0000000084600000|  0%| F|  |TAMS 0x0000000084500000, 0x0000000084500000| Untracked 
|  70|0x0000000084600000, 0x0000000084600000, 0x0000000084700000|  0%| F|  |TAMS 0x0000000084600000, 0x0000000084600000| Untracked 
|  71|0x0000000084700000, 0x0000000084700000, 0x0000000084800000|  0%| F|  |TAMS 0x0000000084700000, 0x0000000084700000| Untracked 
|  72|0x0000000084800000, 0x0000000084800000, 0x0000000084900000|  0%| F|  |TAMS 0x0000000084800000, 0x0000000084800000| Untracked 
|  73|0x0000000084900000, 0x0000000084900000, 0x0000000084a00000|  0%| F|  |TAMS 0x0000000084900000, 0x0000000084900000| Untracked 
|  74|0x0000000084a00000, 0x0000000084a00000, 0x0000000084b00000|  0%| F|  |TAMS 0x0000000084a00000, 0x0000000084a00000| Untracked 
|  75|0x0000000084b00000, 0x0000000084b00000, 0x0000000084c00000|  0%| F|  |TAMS 0x0000000084b00000, 0x0000000084b00000| Untracked 
|  76|0x0000000084c00000, 0x0000000084c00000, 0x0000000084d00000|  0%| F|  |TAMS 0x0000000084c00000, 0x0000000084c00000| Untracked 
|  77|0x0000000084d00000, 0x0000000084d00000, 0x0000000084e00000|  0%| F|  |TAMS 0x0000000084d00000, 0x0000000084d00000| Untracked 
|  78|0x0000000084e00000, 0x0000000084e00000, 0x0000000084f00000|  0%| F|  |TAMS 0x0000000084e00000, 0x0000000084e00000| Untracked 
|  79|0x0000000084f00000, 0x0000000084f00000, 0x0000000085000000|  0%| F|  |TAMS 0x0000000084f00000, 0x0000000084f00000| Untracked 
|  80|0x0000000085000000, 0x0000000085000000, 0x0000000085100000|  0%| F|  |TAMS 0x0000000085000000, 0x0000000085000000| Untracked 
|  81|0x0000000085100000, 0x0000000085100000, 0x0000000085200000|  0%| F|  |TAMS 0x0000000085100000, 0x0000000085100000| Untracked 
|  82|0x0000000085200000, 0x0000000085200000, 0x0000000085300000|  0%| F|  |TAMS 0x0000000085200000, 0x0000000085200000| Untracked 
|  83|0x0000000085300000, 0x0000000085300000, 0x0000000085400000|  0%| F|  |TAMS 0x0000000085300000, 0x0000000085300000| Untracked 
|  84|0x0000000085400000, 0x0000000085400000, 0x0000000085500000|  0%| F|  |TAMS 0x0000000085400000, 0x0000000085400000| Untracked 
|  85|0x0000000085500000, 0x0000000085500000, 0x0000000085600000|  0%| F|  |TAMS 0x0000000085500000, 0x0000000085500000| Untracked 
|  86|0x0000000085600000, 0x0000000085600000, 0x0000000085700000|  0%| F|  |TAMS 0x0000000085600000, 0x0000000085600000| Untracked 
|  87|0x0000000085700000, 0x0000000085700000, 0x0000000085800000|  0%| F|  |TAMS 0x0000000085700000, 0x0000000085700000| Untracked 
|  88|0x0000000085800000, 0x0000000085800000, 0x0000000085900000|  0%| F|  |TAMS 0x0000000085800000, 0x0000000085800000| Untracked 
|  89|0x0000000085900000, 0x0000000085900000, 0x0000000085a00000|  0%| F|  |TAMS 0x0000000085900000, 0x0000000085900000| Untracked 
|  90|0x0000000085a00000, 0x0000000085a00000, 0x0000000085b00000|  0%| F|  |TAMS 0x0000000085a00000, 0x0000000085a00000| Untracked 
|  91|0x0000000085b00000, 0x0000000085b00000, 0x0000000085c00000|  0%| F|  |TAMS 0x0000000085b00000, 0x0000000085b00000| Untracked 
|  92|0x0000000085c00000, 0x0000000085c00000, 0x0000000085d00000|  0%| F|  |TAMS 0x0000000085c00000, 0x0000000085c00000| Untracked 
|  93|0x0000000085d00000, 0x0000000085d00000, 0x0000000085e00000|  0%| F|  |TAMS 0x0000000085d00000, 0x0000000085d00000| Untracked 
|  94|0x0000000085e00000, 0x0000000085e00000, 0x0000000085f00000|  0%| F|  |TAMS 0x0000000085e00000, 0x0000000085e00000| Untracked 
|  95|0x0000000085f00000, 0x0000000085f00000, 0x0000000086000000|  0%| F|  |TAMS 0x0000000085f00000, 0x0000000085f00000| Untracked 
|  96|0x0000000086000000, 0x0000000086000000, 0x0000000086100000|  0%| F|  |TAMS 0x0000000086000000, 0x0000000086000000| Untracked 
|  97|0x0000000086100000, 0x0000000086100000, 0x0000000086200000|  0%| F|  |TAMS 0x0000000086100000, 0x0000000086100000| Untracked 
|  98|0x0000000086200000, 0x0000000086200000, 0x0000000086300000|  0%| F|  |TAMS 0x0000000086200000, 0x0000000086200000| Untracked 
|  99|0x0000000086300000, 0x0000000086300000, 0x0000000086400000|  0%| F|  |TAMS 0x0000000086300000, 0x0000000086300000| Untracked 
| 100|0x0000000086400000, 0x0000000086400000, 0x0000000086500000|  0%| F|  |TAMS 0x0000000086400000, 0x0000000086400000| Untracked 
| 101|0x0000000086500000, 0x0000000086500000, 0x0000000086600000|  0%| F|  |TAMS 0x0000000086500000, 0x0000000086500000| Untracked 
| 102|0x0000000086600000, 0x0000000086600000, 0x0000000086700000|  0%| F|  |TAMS 0x0000000086600000, 0x0000000086600000| Untracked 
| 103|0x0000000086700000, 0x0000000086700000, 0x0000000086800000|  0%| F|  |TAMS 0x0000000086700000, 0x0000000086700000| Untracked 
| 104|0x0000000086800000, 0x0000000086800000, 0x0000000086900000|  0%| F|  |TAMS 0x0000000086800000, 0x0000000086800000| Untracked 
| 105|0x0000000086900000, 0x0000000086900000, 0x0000000086a00000|  0%| F|  |TAMS 0x0000000086900000, 0x0000000086900000| Untracked 
| 106|0x0000000086a00000, 0x0000000086a00000, 0x0000000086b00000|  0%| F|  |TAMS 0x0000000086a00000, 0x0000000086a00000| Untracked 
| 107|0x0000000086b00000, 0x0000000086b00000, 0x0000000086c00000|  0%| F|  |TAMS 0x0000000086b00000, 0x0000000086b00000| Untracked 
| 108|0x0000000086c00000, 0x0000000086c00000, 0x0000000086d00000|  0%| F|  |TAMS 0x0000000086c00000, 0x0000000086c00000| Untracked 
| 109|0x0000000086d00000, 0x0000000086d00000, 0x0000000086e00000|  0%| F|  |TAMS 0x0000000086d00000, 0x0000000086d00000| Untracked 
| 110|0x0000000086e00000, 0x0000000086e00000, 0x0000000086f00000|  0%| F|  |TAMS 0x0000000086e00000, 0x0000000086e00000| Untracked 
| 111|0x0000000086f00000, 0x0000000086f00000, 0x0000000087000000|  0%| F|  |TAMS 0x0000000086f00000, 0x0000000086f00000| Untracked 
| 112|0x0000000087000000, 0x0000000087000000, 0x0000000087100000|  0%| F|  |TAMS 0x0000000087000000, 0x0000000087000000| Untracked 
| 113|0x0000000087100000, 0x0000000087100000, 0x0000000087200000|  0%| F|  |TAMS 0x0000000087100000, 0x0000000087100000| Untracked 
| 114|0x0000000087200000, 0x0000000087200000, 0x0000000087300000|  0%| F|  |TAMS 0x0000000087200000, 0x0000000087200000| Untracked 
| 115|0x0000000087300000, 0x0000000087300000, 0x0000000087400000|  0%| F|  |TAMS 0x0000000087300000, 0x0000000087300000| Untracked 
| 116|0x0000000087400000, 0x0000000087400000, 0x0000000087500000|  0%| F|  |TAMS 0x0000000087400000, 0x0000000087400000| Untracked 
| 117|0x0000000087500000, 0x0000000087500000, 0x0000000087600000|  0%| F|  |TAMS 0x0000000087500000, 0x0000000087500000| Untracked 
| 118|0x0000000087600000, 0x0000000087600000, 0x0000000087700000|  0%| F|  |TAMS 0x0000000087600000, 0x0000000087600000| Untracked 
| 119|0x0000000087700000, 0x0000000087700000, 0x0000000087800000|  0%| F|  |TAMS 0x0000000087700000, 0x0000000087700000| Untracked 
| 120|0x0000000087800000, 0x0000000087800000, 0x0000000087900000|  0%| F|  |TAMS 0x0000000087800000, 0x0000000087800000| Untracked 
| 121|0x0000000087900000, 0x0000000087900000, 0x0000000087a00000|  0%| F|  |TAMS 0x0000000087900000, 0x0000000087900000| Untracked 
| 122|0x0000000087a00000, 0x0000000087a00000, 0x0000000087b00000|  0%| F|  |TAMS 0x0000000087a00000, 0x0000000087a00000| Untracked 
| 123|0x0000000087b00000, 0x0000000087b00000, 0x0000000087c00000|  0%| F|  |TAMS 0x0000000087b00000, 0x0000000087b00000| Untracked 
| 124|0x0000000087c00000, 0x0000000087c00000, 0x0000000087d00000|  0%| F|  |TAMS 0x0000000087c00000, 0x0000000087c00000| Untracked 
| 125|0x0000000087d00000, 0x0000000087d00000, 0x0000000087e00000|  0%| F|  |TAMS 0x0000000087d00000, 0x0000000087d00000| Untracked 
| 126|0x0000000087e00000, 0x0000000087e00000, 0x0000000087f00000|  0%| F|  |TAMS 0x0000000087e00000, 0x0000000087e00000| Untracked 
| 127|0x0000000087f00000, 0x0000000087f00000, 0x0000000088000000|  0%| F|  |TAMS 0x0000000087f00000, 0x0000000087f00000| Untracked 
| 128|0x0000000088000000, 0x0000000088000000, 0x0000000088100000|  0%| F|  |TAMS 0x0000000088000000, 0x0000000088000000| Untracked 
| 129|0x0000000088100000, 0x0000000088100000, 0x0000000088200000|  0%| F|  |TAMS 0x0000000088100000, 0x0000000088100000| Untracked 
| 130|0x0000000088200000, 0x0000000088200000, 0x0000000088300000|  0%| F|  |TAMS 0x0000000088200000, 0x0000000088200000| Untracked 
| 131|0x0000000088300000, 0x0000000088300000, 0x0000000088400000|  0%| F|  |TAMS 0x0000000088300000, 0x0000000088300000| Untracked 
| 132|0x0000000088400000, 0x00000000884a3930, 0x0000000088500000| 63%| S|CS|TAMS 0x0000000088400000, 0x0000000088400000| Complete 
| 133|0x0000000088500000, 0x0000000088600000, 0x0000000088600000|100%| S|CS|TAMS 0x0000000088500000, 0x0000000088500000| Complete 
| 134|0x0000000088600000, 0x0000000088700000, 0x0000000088700000|100%| S|CS|TAMS 0x0000000088600000, 0x0000000088600000| Complete 
| 135|0x0000000088700000, 0x0000000088800000, 0x0000000088800000|100%| S|CS|TAMS 0x0000000088700000, 0x0000000088700000| Complete 
| 136|0x0000000088800000, 0x0000000088900000, 0x0000000088900000|100%| S|CS|TAMS 0x0000000088800000, 0x0000000088800000| Complete 
| 137|0x0000000088900000, 0x0000000088a00000, 0x0000000088a00000|100%| S|CS|TAMS 0x0000000088900000, 0x0000000088900000| Complete 
| 138|0x0000000088a00000, 0x0000000088b00000, 0x0000000088b00000|100%| S|CS|TAMS 0x0000000088a00000, 0x0000000088a00000| Complete 
| 139|0x0000000088b00000, 0x0000000088c00000, 0x0000000088c00000|100%| S|CS|TAMS 0x0000000088b00000, 0x0000000088b00000| Complete 
| 140|0x0000000088c00000, 0x0000000088c00000, 0x0000000088d00000|  0%| F|  |TAMS 0x0000000088c00000, 0x0000000088c00000| Untracked 
| 141|0x0000000088d00000, 0x0000000088d00000, 0x0000000088e00000|  0%| F|  |TAMS 0x0000000088d00000, 0x0000000088d00000| Untracked 
| 142|0x0000000088e00000, 0x0000000088e00000, 0x0000000088f00000|  0%| F|  |TAMS 0x0000000088e00000, 0x0000000088e00000| Untracked 
| 143|0x0000000088f00000, 0x0000000088f00000, 0x0000000089000000|  0%| F|  |TAMS 0x0000000088f00000, 0x0000000088f00000| Untracked 
| 144|0x0000000089000000, 0x0000000089000000, 0x0000000089100000|  0%| F|  |TAMS 0x0000000089000000, 0x0000000089000000| Untracked 
| 145|0x0000000089100000, 0x0000000089100000, 0x0000000089200000|  0%| F|  |TAMS 0x0000000089100000, 0x0000000089100000| Untracked 
| 146|0x0000000089200000, 0x0000000089200000, 0x0000000089300000|  0%| F|  |TAMS 0x0000000089200000, 0x0000000089200000| Untracked 
| 147|0x0000000089300000, 0x0000000089400000, 0x0000000089400000|100%| S|CS|TAMS 0x0000000089300000, 0x0000000089300000| Complete 
| 148|0x0000000089400000, 0x0000000089500000, 0x0000000089500000|100%| S|CS|TAMS 0x0000000089400000, 0x0000000089400000| Complete 
| 149|0x0000000089500000, 0x0000000089600000, 0x0000000089600000|100%| S|CS|TAMS 0x0000000089500000, 0x0000000089500000| Complete 
| 150|0x0000000089600000, 0x0000000089700000, 0x0000000089700000|100%| S|CS|TAMS 0x0000000089600000, 0x0000000089600000| Complete 
| 151|0x0000000089700000, 0x0000000089800000, 0x0000000089800000|100%| S|CS|TAMS 0x0000000089700000, 0x0000000089700000| Complete 
| 152|0x0000000089800000, 0x0000000089800000, 0x0000000089900000|  0%| F|  |TAMS 0x0000000089800000, 0x0000000089800000| Untracked 
| 153|0x0000000089900000, 0x0000000089900000, 0x0000000089a00000|  0%| F|  |TAMS 0x0000000089900000, 0x0000000089900000| Untracked 
| 154|0x0000000089a00000, 0x0000000089a00000, 0x0000000089b00000|  0%| F|  |TAMS 0x0000000089a00000, 0x0000000089a00000| Untracked 
| 155|0x0000000089b00000, 0x0000000089b00000, 0x0000000089c00000|  0%| F|  |TAMS 0x0000000089b00000, 0x0000000089b00000| Untracked 
| 156|0x0000000089c00000, 0x0000000089c00000, 0x0000000089d00000|  0%| F|  |TAMS 0x0000000089c00000, 0x0000000089c00000| Untracked 
| 157|0x0000000089d00000, 0x0000000089d00000, 0x0000000089e00000|  0%| F|  |TAMS 0x0000000089d00000, 0x0000000089d00000| Untracked 
| 158|0x0000000089e00000, 0x0000000089e00000, 0x0000000089f00000|  0%| F|  |TAMS 0x0000000089e00000, 0x0000000089e00000| Untracked 
| 159|0x0000000089f00000, 0x0000000089f00000, 0x000000008a000000|  0%| F|  |TAMS 0x0000000089f00000, 0x0000000089f00000| Untracked 
| 160|0x000000008a000000, 0x000000008a000000, 0x000000008a100000|  0%| F|  |TAMS 0x000000008a000000, 0x000000008a000000| Untracked 
| 161|0x000000008a100000, 0x000000008a100000, 0x000000008a200000|  0%| F|  |TAMS 0x000000008a100000, 0x000000008a100000| Untracked 
| 162|0x000000008a200000, 0x000000008a200000, 0x000000008a300000|  0%| F|  |TAMS 0x000000008a200000, 0x000000008a200000| Untracked 
| 163|0x000000008a300000, 0x000000008a300000, 0x000000008a400000|  0%| F|  |TAMS 0x000000008a300000, 0x000000008a300000| Untracked 
| 164|0x000000008a400000, 0x000000008a400000, 0x000000008a500000|  0%| F|  |TAMS 0x000000008a400000, 0x000000008a400000| Untracked 
| 165|0x000000008a500000, 0x000000008a500000, 0x000000008a600000|  0%| F|  |TAMS 0x000000008a500000, 0x000000008a500000| Untracked 
| 166|0x000000008a600000, 0x000000008a600000, 0x000000008a700000|  0%| F|  |TAMS 0x000000008a600000, 0x000000008a600000| Untracked 
| 167|0x000000008a700000, 0x000000008a700000, 0x000000008a800000|  0%| F|  |TAMS 0x000000008a700000, 0x000000008a700000| Untracked 
| 168|0x000000008a800000, 0x000000008a800000, 0x000000008a900000|  0%| F|  |TAMS 0x000000008a800000, 0x000000008a800000| Untracked 
| 169|0x000000008a900000, 0x000000008a900000, 0x000000008aa00000|  0%| F|  |TAMS 0x000000008a900000, 0x000000008a900000| Untracked 
| 170|0x000000008aa00000, 0x000000008aa00000, 0x000000008ab00000|  0%| F|  |TAMS 0x000000008aa00000, 0x000000008aa00000| Untracked 
| 171|0x000000008ab00000, 0x000000008ab00000, 0x000000008ac00000|  0%| F|  |TAMS 0x000000008ab00000, 0x000000008ab00000| Untracked 
| 172|0x000000008ac00000, 0x000000008ac00000, 0x000000008ad00000|  0%| F|  |TAMS 0x000000008ac00000, 0x000000008ac00000| Untracked 
| 173|0x000000008ad00000, 0x000000008ad00000, 0x000000008ae00000|  0%| F|  |TAMS 0x000000008ad00000, 0x000000008ad00000| Untracked 
| 174|0x000000008ae00000, 0x000000008ae00000, 0x000000008af00000|  0%| F|  |TAMS 0x000000008ae00000, 0x000000008ae00000| Untracked 
| 175|0x000000008af00000, 0x000000008af00000, 0x000000008b000000|  0%| F|  |TAMS 0x000000008af00000, 0x000000008af00000| Untracked 
| 176|0x000000008b000000, 0x000000008b000000, 0x000000008b100000|  0%| F|  |TAMS 0x000000008b000000, 0x000000008b000000| Untracked 
| 177|0x000000008b100000, 0x000000008b100000, 0x000000008b200000|  0%| F|  |TAMS 0x000000008b100000, 0x000000008b100000| Untracked 
| 178|0x000000008b200000, 0x000000008b200000, 0x000000008b300000|  0%| F|  |TAMS 0x000000008b200000, 0x000000008b200000| Untracked 
| 179|0x000000008b300000, 0x000000008b300000, 0x000000008b400000|  0%| F|  |TAMS 0x000000008b300000, 0x000000008b300000| Untracked 
| 180|0x000000008b400000, 0x000000008b400000, 0x000000008b500000|  0%| F|  |TAMS 0x000000008b400000, 0x000000008b400000| Untracked 
| 181|0x000000008b500000, 0x000000008b500000, 0x000000008b600000|  0%| F|  |TAMS 0x000000008b500000, 0x000000008b500000| Untracked 
| 182|0x000000008b600000, 0x000000008b6a4110, 0x000000008b700000| 64%| E|  |TAMS 0x000000008b600000, 0x000000008b600000| Complete 
| 183|0x000000008b700000, 0x000000008b800000, 0x000000008b800000|100%| E|CS|TAMS 0x000000008b700000, 0x000000008b700000| Complete 
| 184|0x000000008b800000, 0x000000008b900000, 0x000000008b900000|100%| E|CS|TAMS 0x000000008b800000, 0x000000008b800000| Complete 
| 185|0x000000008b900000, 0x000000008ba00000, 0x000000008ba00000|100%| E|CS|TAMS 0x000000008b900000, 0x000000008b900000| Complete 
| 186|0x000000008ba00000, 0x000000008bb00000, 0x000000008bb00000|100%| E|CS|TAMS 0x000000008ba00000, 0x000000008ba00000| Complete 
| 187|0x000000008bb00000, 0x000000008bc00000, 0x000000008bc00000|100%| E|CS|TAMS 0x000000008bb00000, 0x000000008bb00000| Complete 
| 188|0x000000008bc00000, 0x000000008bd00000, 0x000000008bd00000|100%| E|CS|TAMS 0x000000008bc00000, 0x000000008bc00000| Complete 
| 189|0x000000008bd00000, 0x000000008be00000, 0x000000008be00000|100%| E|CS|TAMS 0x000000008bd00000, 0x000000008bd00000| Complete 
| 190|0x000000008be00000, 0x000000008bf00000, 0x000000008bf00000|100%| E|CS|TAMS 0x000000008be00000, 0x000000008be00000| Complete 
| 191|0x000000008bf00000, 0x000000008c000000, 0x000000008c000000|100%| E|CS|TAMS 0x000000008bf00000, 0x000000008bf00000| Complete 
| 192|0x000000008c000000, 0x000000008c100000, 0x000000008c100000|100%| E|CS|TAMS 0x000000008c000000, 0x000000008c000000| Complete 
| 193|0x000000008c100000, 0x000000008c200000, 0x000000008c200000|100%| E|CS|TAMS 0x000000008c100000, 0x000000008c100000| Complete 
| 194|0x000000008c200000, 0x000000008c300000, 0x000000008c300000|100%| E|CS|TAMS 0x000000008c200000, 0x000000008c200000| Complete 
| 195|0x000000008c300000, 0x000000008c400000, 0x000000008c400000|100%| E|CS|TAMS 0x000000008c300000, 0x000000008c300000| Complete 
| 196|0x000000008c400000, 0x000000008c500000, 0x000000008c500000|100%| E|CS|TAMS 0x000000008c400000, 0x000000008c400000| Complete 
| 197|0x000000008c500000, 0x000000008c600000, 0x000000008c600000|100%| E|CS|TAMS 0x000000008c500000, 0x000000008c500000| Complete 
| 198|0x000000008c600000, 0x000000008c700000, 0x000000008c700000|100%| E|CS|TAMS 0x000000008c600000, 0x000000008c600000| Complete 
| 199|0x000000008c700000, 0x000000008c800000, 0x000000008c800000|100%| E|CS|TAMS 0x000000008c700000, 0x000000008c700000| Complete 
| 200|0x000000008c800000, 0x000000008c900000, 0x000000008c900000|100%| E|CS|TAMS 0x000000008c800000, 0x000000008c800000| Complete 
| 201|0x000000008c900000, 0x000000008ca00000, 0x000000008ca00000|100%| E|CS|TAMS 0x000000008c900000, 0x000000008c900000| Complete 
| 202|0x000000008ca00000, 0x000000008cb00000, 0x000000008cb00000|100%| E|CS|TAMS 0x000000008ca00000, 0x000000008ca00000| Complete 
| 203|0x000000008cb00000, 0x000000008cc00000, 0x000000008cc00000|100%| E|CS|TAMS 0x000000008cb00000, 0x000000008cb00000| Complete 
| 204|0x000000008cc00000, 0x000000008cd00000, 0x000000008cd00000|100%| E|CS|TAMS 0x000000008cc00000, 0x000000008cc00000| Complete 
| 205|0x000000008cd00000, 0x000000008ce00000, 0x000000008ce00000|100%| E|CS|TAMS 0x000000008cd00000, 0x000000008cd00000| Complete 
| 206|0x000000008ce00000, 0x000000008cf00000, 0x000000008cf00000|100%| E|CS|TAMS 0x000000008ce00000, 0x000000008ce00000| Complete 
| 207|0x000000008cf00000, 0x000000008d000000, 0x000000008d000000|100%| E|CS|TAMS 0x000000008cf00000, 0x000000008cf00000| Complete 
| 208|0x000000008d000000, 0x000000008d100000, 0x000000008d100000|100%| E|CS|TAMS 0x000000008d000000, 0x000000008d000000| Complete 
| 209|0x000000008d100000, 0x000000008d200000, 0x000000008d200000|100%| E|CS|TAMS 0x000000008d100000, 0x000000008d100000| Complete 
| 210|0x000000008d200000, 0x000000008d300000, 0x000000008d300000|100%| E|CS|TAMS 0x000000008d200000, 0x000000008d200000| Complete 
| 211|0x000000008d300000, 0x000000008d400000, 0x000000008d400000|100%| E|CS|TAMS 0x000000008d300000, 0x000000008d300000| Complete 
| 212|0x000000008d400000, 0x000000008d500000, 0x000000008d500000|100%| E|CS|TAMS 0x000000008d400000, 0x000000008d400000| Complete 
| 213|0x000000008d500000, 0x000000008d600000, 0x000000008d600000|100%| E|CS|TAMS 0x000000008d500000, 0x000000008d500000| Complete 
| 214|0x000000008d600000, 0x000000008d700000, 0x000000008d700000|100%| E|CS|TAMS 0x000000008d600000, 0x000000008d600000| Complete 
| 215|0x000000008d700000, 0x000000008d800000, 0x000000008d800000|100%| E|CS|TAMS 0x000000008d700000, 0x000000008d700000| Complete 
| 216|0x000000008d800000, 0x000000008d900000, 0x000000008d900000|100%| E|CS|TAMS 0x000000008d800000, 0x000000008d800000| Complete 
| 217|0x000000008d900000, 0x000000008da00000, 0x000000008da00000|100%| E|CS|TAMS 0x000000008d900000, 0x000000008d900000| Complete 
| 218|0x000000008da00000, 0x000000008db00000, 0x000000008db00000|100%| E|CS|TAMS 0x000000008da00000, 0x000000008da00000| Complete 
| 219|0x000000008db00000, 0x000000008dc00000, 0x000000008dc00000|100%| E|CS|TAMS 0x000000008db00000, 0x000000008db00000| Complete 
| 220|0x000000008dc00000, 0x000000008dd00000, 0x000000008dd00000|100%| E|CS|TAMS 0x000000008dc00000, 0x000000008dc00000| Complete 
| 221|0x000000008dd00000, 0x000000008de00000, 0x000000008de00000|100%| E|CS|TAMS 0x000000008dd00000, 0x000000008dd00000| Complete 
| 222|0x000000008de00000, 0x000000008df00000, 0x000000008df00000|100%| E|CS|TAMS 0x000000008de00000, 0x000000008de00000| Complete 
| 223|0x000000008df00000, 0x000000008e000000, 0x000000008e000000|100%| E|CS|TAMS 0x000000008df00000, 0x000000008df00000| Complete 
| 224|0x000000008e000000, 0x000000008e100000, 0x000000008e100000|100%| E|CS|TAMS 0x000000008e000000, 0x000000008e000000| Complete 
| 225|0x000000008e100000, 0x000000008e200000, 0x000000008e200000|100%| E|CS|TAMS 0x000000008e100000, 0x000000008e100000| Complete 
| 226|0x000000008e200000, 0x000000008e300000, 0x000000008e300000|100%| E|CS|TAMS 0x000000008e200000, 0x000000008e200000| Complete 
| 227|0x000000008e300000, 0x000000008e400000, 0x000000008e400000|100%| E|CS|TAMS 0x000000008e300000, 0x000000008e300000| Complete 
| 228|0x000000008e400000, 0x000000008e500000, 0x000000008e500000|100%| E|CS|TAMS 0x000000008e400000, 0x000000008e400000| Complete 
| 229|0x000000008e500000, 0x000000008e600000, 0x000000008e600000|100%| E|CS|TAMS 0x000000008e500000, 0x000000008e500000| Complete 
| 230|0x000000008e600000, 0x000000008e700000, 0x000000008e700000|100%| E|CS|TAMS 0x000000008e600000, 0x000000008e600000| Complete 
| 231|0x000000008e700000, 0x000000008e800000, 0x000000008e800000|100%| E|CS|TAMS 0x000000008e700000, 0x000000008e700000| Complete 
| 232|0x000000008e800000, 0x000000008e900000, 0x000000008e900000|100%| E|CS|TAMS 0x000000008e800000, 0x000000008e800000| Complete 
| 233|0x000000008e900000, 0x000000008ea00000, 0x000000008ea00000|100%| E|CS|TAMS 0x000000008e900000, 0x000000008e900000| Complete 
| 234|0x000000008ea00000, 0x000000008eb00000, 0x000000008eb00000|100%| E|CS|TAMS 0x000000008ea00000, 0x000000008ea00000| Complete 
| 235|0x000000008eb00000, 0x000000008ec00000, 0x000000008ec00000|100%| E|CS|TAMS 0x000000008eb00000, 0x000000008eb00000| Complete 
| 236|0x000000008ec00000, 0x000000008ed00000, 0x000000008ed00000|100%| E|CS|TAMS 0x000000008ec00000, 0x000000008ec00000| Complete 
| 237|0x000000008ed00000, 0x000000008ee00000, 0x000000008ee00000|100%| E|CS|TAMS 0x000000008ed00000, 0x000000008ed00000| Complete 
| 238|0x000000008ee00000, 0x000000008ef00000, 0x000000008ef00000|100%| E|CS|TAMS 0x000000008ee00000, 0x000000008ee00000| Complete 
| 239|0x000000008ef00000, 0x000000008f000000, 0x000000008f000000|100%| E|CS|TAMS 0x000000008ef00000, 0x000000008ef00000| Complete 
| 240|0x000000008f000000, 0x000000008f100000, 0x000000008f100000|100%| E|CS|TAMS 0x000000008f000000, 0x000000008f000000| Complete 
| 241|0x000000008f100000, 0x000000008f200000, 0x000000008f200000|100%| E|CS|TAMS 0x000000008f100000, 0x000000008f100000| Complete 
| 242|0x000000008f200000, 0x000000008f300000, 0x000000008f300000|100%| E|CS|TAMS 0x000000008f200000, 0x000000008f200000| Complete 
| 243|0x000000008f300000, 0x000000008f400000, 0x000000008f400000|100%| E|CS|TAMS 0x000000008f300000, 0x000000008f300000| Complete 
| 244|0x000000008f400000, 0x000000008f500000, 0x000000008f500000|100%| E|CS|TAMS 0x000000008f400000, 0x000000008f400000| Complete 
| 245|0x000000008f500000, 0x000000008f600000, 0x000000008f600000|100%| E|CS|TAMS 0x000000008f500000, 0x000000008f500000| Complete 
| 246|0x000000008f600000, 0x000000008f700000, 0x000000008f700000|100%| E|CS|TAMS 0x000000008f600000, 0x000000008f600000| Complete 
| 247|0x000000008f700000, 0x000000008f800000, 0x000000008f800000|100%| E|CS|TAMS 0x000000008f700000, 0x000000008f700000| Complete 
| 248|0x000000008f800000, 0x000000008f900000, 0x000000008f900000|100%| E|CS|TAMS 0x000000008f800000, 0x000000008f800000| Complete 
| 249|0x000000008f900000, 0x000000008fa00000, 0x000000008fa00000|100%| E|CS|TAMS 0x000000008f900000, 0x000000008f900000| Complete 
| 250|0x000000008fa00000, 0x000000008fb00000, 0x000000008fb00000|100%| E|CS|TAMS 0x000000008fa00000, 0x000000008fa00000| Complete 
| 251|0x000000008fb00000, 0x000000008fc00000, 0x000000008fc00000|100%| E|  |TAMS 0x000000008fb00000, 0x000000008fb00000| Complete 
| 252|0x000000008fc00000, 0x000000008fd00000, 0x000000008fd00000|100%| E|CS|TAMS 0x000000008fc00000, 0x000000008fc00000| Complete 
| 253|0x000000008fd00000, 0x000000008fe00000, 0x000000008fe00000|100%| E|CS|TAMS 0x000000008fd00000, 0x000000008fd00000| Complete 

Card table byte_map: [0x0000023579660000,0x0000023579a60000] _byte_map_base: 0x0000023579260000

Marking Bits (Prev, Next): (CMBitMap*) 0x00000235649b1708, (CMBitMap*) 0x00000235649b1740
 Prev Bits: [0x0000023579e60000, 0x000002357be60000)
 Next Bits: [0x000002357be60000, 0x000002357de60000)

Polling page: 0x0000023564720000

Metaspace:

Usage:
  Non-class:     70.97 MB capacity,    69.68 MB ( 98%) used,     1.06 MB (  1%) free+waste,   233.88 KB ( <1%) overhead. 
      Class:     11.11 MB capacity,    10.33 MB ( 93%) used,   692.05 KB (  6%) free+waste,   107.06 KB ( <1%) overhead. 
       Both:     82.08 MB capacity,    80.02 MB ( 97%) used,     1.74 MB (  2%) free+waste,   340.94 KB ( <1%) overhead. 

Virtual space:
  Non-class space:       72.00 MB reserved,      71.00 MB ( 99%) committed 
      Class space:        1.00 GB reserved,      11.20 MB (  1%) committed 
             Both:        1.07 GB reserved,      82.20 MB (  7%) committed 

Chunk freelists:
   Non-Class:  31.00 KB
       Class:  11.00 KB
        Both:  42.00 KB

MaxMetaspaceSize: 17179869184.00 GB
CompressedClassSpaceSize: 1.00 GB

CodeHeap 'non-profiled nmethods': size=120064Kb used=6909Kb max_used=6909Kb free=113154Kb
 bounds [0x0000023571700000, 0x0000023571dc0000, 0x0000023578c40000]
CodeHeap 'profiled nmethods': size=120000Kb used=22094Kb max_used=22094Kb free=97905Kb
 bounds [0x000002356a1d0000, 0x000002356b770000, 0x0000023571700000]
CodeHeap 'non-nmethods': size=5696Kb used=2276Kb max_used=2336Kb free=3420Kb
 bounds [0x0000023569c40000, 0x0000023569eb0000, 0x000002356a1d0000]
 total_blobs=10975 nmethods=10100 adapters=786
 compilation: enabled
              stopped_count=0, restarted_count=0
 full_count=0

Compilation events (20 events):
Event: 44.647 Thread 0x000002350885b000 nmethod 10120 0x0000023571dbad90 code [0x0000023571dbaf40, 0x0000023571dbb5b8]
Event: 44.652 Thread 0x0000023500ddf000 nmethod 10127 0x000002356b753f90 code [0x000002356b754960, 0x000002356b75b558]
Event: 44.652 Thread 0x0000023500ddf000 10128       3       com.android.ide.common.blame.SourceFilePosition::equals (55 bytes)
Event: 44.654 Thread 0x0000023500ddf000 nmethod 10128 0x000002356b75df90 code [0x000002356b75e1a0, 0x000002356b75e898]
Event: 44.654 Thread 0x0000023500ddf000 10129       3       org.apache.xerces.dom.CharacterDataImpl::getNodeValue (16 bytes)
Event: 44.654 Thread 0x0000023500ddf000 nmethod 10129 0x000002356b75ea10 code [0x000002356b75ebe0, 0x000002356b75eea8]
Event: 44.655 Thread 0x000002350885b000 10130       4       com.android.utils.XmlUtils$PositionAwareStringBuilder::append (45 bytes)
Event: 44.671 Thread 0x000002350885b000 nmethod 10130 0x0000023571dbb810 code [0x0000023571dbb9e0, 0x0000023571dbbf98]
Event: 44.671 Thread 0x000002350885b000 10131       4       java.lang.StringUTF16::putCharSB (12 bytes)
Event: 44.672 Thread 0x000002350885b000 nmethod 10131 0x0000023571dbc390 code [0x0000023571dbc520, 0x0000023571dbc598]
Event: 44.672 Thread 0x000002350885b000 10132       4       com.android.utils.XmlUtils$PositionAwareStringBuilder::append (69 bytes)
Event: 44.715 Thread 0x000002350885b000 nmethod 10132 0x0000023571dbc690 code [0x0000023571dbc880, 0x0000023571dbd408]
Event: 44.739 Thread 0x0000023500ddf000 10133       3       sun.nio.cs.UTF_8$Encoder::encodeArrayLoop (489 bytes)
Event: 44.743 Thread 0x0000023500ddf000 nmethod 10133 0x000002356b75ef90 code [0x000002356b75f580, 0x000002356b762948]
Event: 44.745 Thread 0x000002350885b000 10134 %     4       sun.nio.cs.UTF_8$Encoder::encodeArrayLoop @ 73 (489 bytes)
Event: 44.778 Thread 0x000002350885b000 nmethod 10134% 0x0000023571dbda90 code [0x0000023571dbdca0, 0x0000023571dbe910]
Event: 44.911 Thread 0x000002350885b000 10135       4       org.apache.xerces.dom.DocumentImpl::getImplementation (4 bytes)
Event: 44.911 Thread 0x000002350885b000 nmethod 10135 0x0000023571dbf190 code [0x0000023571dbf320, 0x0000023571dbf398]
Event: 44.911 Thread 0x000002350885b000 10136       4       org.apache.xerces.dom.ChildNode::getParentNode (16 bytes)
Event: 44.912 Thread 0x000002350885b000 nmethod 10136 0x0000023571dbf410 code [0x0000023571dbf5a0, 0x0000023571dbf638]

GC Heap History (20 events):
Event: 6.457 GC heap before
{Heap before GC invocations=3 (full 0):
 garbage-first heap   total 260096K, used 54264K [0x0000000080000000, 0x0000000100000000)
  region size 1024K, 45 young (46080K), 4 survivors (4096K)
 Metaspace       used 17557K, capacity 18004K, committed 18176K, reserved 1064960K
  class space    used 2063K, capacity 2206K, committed 2304K, reserved 1048576K
}
Event: 6.465 GC heap after
{Heap after GC invocations=4 (full 0):
 garbage-first heap   total 260096K, used 16405K [0x0000000080000000, 0x0000000100000000)
  region size 1024K, 6 young (6144K), 6 survivors (6144K)
 Metaspace       used 17557K, capacity 18004K, committed 18176K, reserved 1064960K
  class space    used 2063K, capacity 2206K, committed 2304K, reserved 1048576K
}
Event: 7.164 GC heap before
{Heap before GC invocations=4 (full 0):
 garbage-first heap   total 260096K, used 42005K [0x0000000080000000, 0x0000000100000000)
  region size 1024K, 32 young (32768K), 6 survivors (6144K)
 Metaspace       used 20633K, capacity 21132K, committed 21248K, reserved 1067008K
  class space    used 2523K, capacity 2722K, committed 2816K, reserved 1048576K
}
Event: 7.172 GC heap after
{Heap after GC invocations=5 (full 0):
 garbage-first heap   total 260096K, used 17125K [0x0000000080000000, 0x0000000100000000)
  region size 1024K, 5 young (5120K), 5 survivors (5120K)
 Metaspace       used 20633K, capacity 21132K, committed 21248K, reserved 1067008K
  class space    used 2523K, capacity 2722K, committed 2816K, reserved 1048576K
}
Event: 8.859 GC heap before
{Heap before GC invocations=6 (full 0):
 garbage-first heap   total 260096K, used 70373K [0x0000000080000000, 0x0000000100000000)
  region size 1024K, 57 young (58368K), 5 survivors (5120K)
 Metaspace       used 25962K, capacity 26531K, committed 26752K, reserved 1073152K
  class space    used 3397K, capacity 3633K, committed 3712K, reserved 1048576K
}
Event: 8.872 GC heap after
{Heap after GC invocations=7 (full 0):
 garbage-first heap   total 260096K, used 18995K [0x0000000080000000, 0x0000000100000000)
  region size 1024K, 3 young (3072K), 3 survivors (3072K)
 Metaspace       used 25962K, capacity 26531K, committed 26752K, reserved 1073152K
  class space    used 3397K, capacity 3633K, committed 3712K, reserved 1048576K
}
Event: 11.465 GC heap before
{Heap before GC invocations=7 (full 0):
 garbage-first heap   total 260096K, used 74291K [0x0000000080000000, 0x0000000100000000)
  region size 1024K, 59 young (60416K), 3 survivors (3072K)
 Metaspace       used 35066K, capacity 35834K, committed 35840K, reserved 1081344K
  class space    used 4540K, capacity 4864K, committed 4864K, reserved 1048576K
}
Event: 11.481 GC heap after
{Heap after GC invocations=8 (full 0):
 garbage-first heap   total 260096K, used 22422K [0x0000000080000000, 0x0000000100000000)
  region size 1024K, 7 young (7168K), 7 survivors (7168K)
 Metaspace       used 35066K, capacity 35834K, committed 35840K, reserved 1081344K
  class space    used 4540K, capacity 4864K, committed 4864K, reserved 1048576K
}
Event: 14.847 GC heap before
{Heap before GC invocations=9 (full 0):
 garbage-first heap   total 260096K, used 117654K [0x0000000080000000, 0x0000000100000000)
  region size 1024K, 97 young (99328K), 7 survivors (7168K)
 Metaspace       used 42812K, capacity 43862K, committed 43980K, reserved 1087488K
  class space    used 5449K, capacity 5822K, committed 5836K, reserved 1048576K
}
Event: 14.867 GC heap after
{Heap after GC invocations=10 (full 0):
 garbage-first heap   total 260096K, used 28246K [0x0000000080000000, 0x0000000100000000)
  region size 1024K, 12 young (12288K), 12 survivors (12288K)
 Metaspace       used 42812K, capacity 43862K, committed 43980K, reserved 1087488K
  class space    used 5449K, capacity 5822K, committed 5836K, reserved 1048576K
}
Event: 21.526 GC heap before
{Heap before GC invocations=10 (full 0):
 garbage-first heap   total 260096K, used 175702K [0x0000000080000000, 0x0000000100000000)
  region size 1024K, 152 young (155648K), 12 survivors (12288K)
 Metaspace       used 56203K, capacity 57586K, committed 57932K, reserved 1099776K
  class space    used 7116K, capacity 7625K, committed 7756K, reserved 1048576K
}
Event: 21.560 GC heap after
{Heap after GC invocations=11 (full 0):
 garbage-first heap   total 260096K, used 42524K [0x0000000080000000, 0x0000000100000000)
  region size 1024K, 19 young (19456K), 19 survivors (19456K)
 Metaspace       used 56203K, capacity 57586K, committed 57932K, reserved 1099776K
  class space    used 7116K, capacity 7625K, committed 7756K, reserved 1048576K
}
Event: 22.217 GC heap before
{Heap before GC invocations=11 (full 0):
 garbage-first heap   total 260096K, used 55836K [0x0000000080000000, 0x0000000100000000)
  region size 1024K, 33 young (33792K), 19 survivors (19456K)
 Metaspace       used 58693K, capacity 60157K, committed 60236K, reserved 1101824K
  class space    used 7437K, capacity 7971K, committed 8012K, reserved 1048576K
}
Event: 22.263 GC heap after
{Heap after GC invocations=12 (full 0):
 garbage-first heap   total 260096K, used 45510K [0x0000000080000000, 0x0000000100000000)
  region size 1024K, 3 young (3072K), 3 survivors (3072K)
 Metaspace       used 58693K, capacity 60157K, committed 60236K, reserved 1101824K
  class space    used 7437K, capacity 7971K, committed 8012K, reserved 1048576K
}
Event: 27.272 GC heap before
{Heap before GC invocations=13 (full 0):
 garbage-first heap   total 260096K, used 138694K [0x0000000080000000, 0x0000000100000000)
  region size 1024K, 94 young (96256K), 3 survivors (3072K)
 Metaspace       used 66025K, capacity 67614K, committed 67788K, reserved 1107968K
  class space    used 8465K, capacity 9035K, committed 9164K, reserved 1048576K
}
Event: 27.299 GC heap after
{Heap after GC invocations=14 (full 0):
 garbage-first heap   total 260096K, used 51808K [0x0000000080000000, 0x0000000100000000)
  region size 1024K, 9 young (9216K), 9 survivors (9216K)
 Metaspace       used 66025K, capacity 67614K, committed 67788K, reserved 1107968K
  class space    used 8465K, capacity 9035K, committed 9164K, reserved 1048576K
}
Event: 32.908 GC heap before
{Heap before GC invocations=15 (full 0):
 garbage-first heap   total 260096K, used 152160K [0x0000000080000000, 0x0000000100000000)
  region size 1024K, 107 young (109568K), 9 survivors (9216K)
 Metaspace       used 76533K, capacity 78336K, committed 78540K, reserved 1118208K
  class space    used 9983K, capacity 10633K, committed 10700K, reserved 1048576K
}
Event: 32.941 GC heap after
{Heap after GC invocations=16 (full 0):
 garbage-first heap   total 260096K, used 58421K [0x0000000080000000, 0x0000000100000000)
  region size 1024K, 7 young (7168K), 7 survivors (7168K)
 Metaspace       used 76533K, capacity 78336K, committed 78540K, reserved 1118208K
  class space    used 9983K, capacity 10633K, committed 10700K, reserved 1048576K
}
Event: 39.330 GC heap before
{Heap before GC invocations=16 (full 0):
 garbage-first heap   total 260096K, used 161845K [0x0000000080000000, 0x0000000100000000)
  region size 1024K, 109 young (111616K), 7 survivors (7168K)
 Metaspace       used 81193K, capacity 83313K, committed 83660K, reserved 1122304K
  class space    used 10539K, capacity 11347K, committed 11468K, reserved 1048576K
}
Event: 39.369 GC heap after
{Heap after GC invocations=17 (full 0):
 garbage-first heap   total 260096K, used 64454K [0x0000000080000000, 0x0000000100000000)
  region size 1024K, 13 young (13312K), 13 survivors (13312K)
 Metaspace       used 81193K, capacity 83313K, committed 83660K, reserved 1122304K
  class space    used 10539K, capacity 11347K, committed 11468K, reserved 1048576K
}

Deoptimization events (20 events):
Event: 44.657 Thread 0x0000023503bde000 Uncommon trap: trap_request=0xffffffde fr.pc=0x0000023571db5a2c relative=0x00000000000001cc
Event: 44.657 Thread 0x0000023503bde000 Uncommon trap: reason=class_check action=maybe_recompile pc=0x0000023571db5a2c method=org.apache.xerces.dom.NodeImpl.getUserData(Ljava/lang/String;)Ljava/lang/Object; @ 1 c2
Event: 44.657 Thread 0x0000023503bde000 DEOPT PACKING pc=0x0000023571db5a2c sp=0x0000007cb98f7300
Event: 44.657 Thread 0x0000023503bde000 DEOPT UNPACKING pc=0x0000023569c678af sp=0x0000007cb98f72d0 mode 2
Event: 44.657 Thread 0x0000023503bde000 Uncommon trap: trap_request=0xffffffde fr.pc=0x0000023571db5a2c relative=0x00000000000001cc
Event: 44.657 Thread 0x0000023503bde000 Uncommon trap: reason=class_check action=maybe_recompile pc=0x0000023571db5a2c method=org.apache.xerces.dom.NodeImpl.getUserData(Ljava/lang/String;)Ljava/lang/Object; @ 1 c2
Event: 44.657 Thread 0x0000023503bde000 DEOPT PACKING pc=0x0000023571db5a2c sp=0x0000007cb98f6f70
Event: 44.657 Thread 0x0000023503bde000 DEOPT UNPACKING pc=0x0000023569c678af sp=0x0000007cb98f6f30 mode 2
Event: 44.739 Thread 0x0000023503bde000 Uncommon trap: trap_request=0xffffff4d fr.pc=0x00000235717cd21c relative=0x000000000000043c
Event: 44.739 Thread 0x0000023503bde000 Uncommon trap: reason=unstable_if action=reinterpret pc=0x00000235717cd21c method=sun.nio.cs.UTF_8$Encoder.encodeArrayLoop(Ljava/nio/CharBuffer;Ljava/nio/ByteBuffer;)Ljava/nio/charset/CoderResult; @ 113 c2
Event: 44.739 Thread 0x0000023503bde000 DEOPT PACKING pc=0x00000235717cd21c sp=0x0000007cb98f70a0
Event: 44.739 Thread 0x0000023503bde000 DEOPT UNPACKING pc=0x0000023569c678af sp=0x0000007cb98f7008 mode 2
Event: 44.913 Thread 0x0000023503bde000 Uncommon trap: trap_request=0xffffffde fr.pc=0x0000023571db5a2c relative=0x00000000000001cc
Event: 44.913 Thread 0x0000023503bde000 Uncommon trap: reason=class_check action=maybe_recompile pc=0x0000023571db5a2c method=org.apache.xerces.dom.NodeImpl.getUserData(Ljava/lang/String;)Ljava/lang/Object; @ 1 c2
Event: 44.913 Thread 0x0000023503bde000 DEOPT PACKING pc=0x0000023571db5a2c sp=0x0000007cb98f7190
Event: 44.913 Thread 0x0000023503bde000 DEOPT UNPACKING pc=0x0000023569c678af sp=0x0000007cb98f7150 mode 2
Event: 44.913 Thread 0x0000023503bde000 Uncommon trap: trap_request=0xffffffde fr.pc=0x0000023571db5a2c relative=0x00000000000001cc
Event: 44.913 Thread 0x0000023503bde000 Uncommon trap: reason=class_check action=maybe_recompile pc=0x0000023571db5a2c method=org.apache.xerces.dom.NodeImpl.getUserData(Ljava/lang/String;)Ljava/lang/Object; @ 1 c2
Event: 44.913 Thread 0x0000023503bde000 DEOPT PACKING pc=0x0000023571db5a2c sp=0x0000007cb98f6f00
Event: 44.913 Thread 0x0000023503bde000 DEOPT UNPACKING pc=0x0000023569c678af sp=0x0000007cb98f6ec0 mode 2

Classes redefined (0 events):
No events

Internal exceptions (20 events):
Event: 32.955 Thread 0x00000235023b4000 Exception <a 'java/lang/NoSuchMethodError'{0x000000008fc04f60}: <clinit>> (0x000000008fc04f60) thrown at [./src/hotspot/share/prims/jni.cpp, line 1362]
Event: 32.955 Thread 0x00000235023b4000 Exception <a 'java/lang/NoSuchMethodError'{0x000000008fc06238}: <clinit>> (0x000000008fc06238) thrown at [./src/hotspot/share/prims/jni.cpp, line 1362]
Event: 32.989 Thread 0x0000023503fb8800 Exception <a 'java/lang/NoSuchMethodError'{0x000000008fa48810}: <clinit>> (0x000000008fa48810) thrown at [./src/hotspot/share/prims/jni.cpp, line 1362]
Event: 32.994 Thread 0x0000023503fb8800 Exception <a 'java/lang/NoSuchMethodError'{0x000000008fa5ce68}: <clinit>> (0x000000008fa5ce68) thrown at [./src/hotspot/share/prims/jni.cpp, line 1362]
Event: 32.996 Thread 0x0000023503fb8800 Exception <a 'java/lang/NoSuchMethodError'{0x000000008fa76330}: <clinit>> (0x000000008fa76330) thrown at [./src/hotspot/share/prims/jni.cpp, line 1362]
Event: 33.172 Thread 0x00000235023b4000 Exception <a 'java/lang/NoSuchMethodError'{0x000000008f8af9f0}: <clinit>> (0x000000008f8af9f0) thrown at [./src/hotspot/share/prims/jni.cpp, line 1362]
Event: 33.292 Thread 0x0000023503bde000 Exception <a 'java/lang/NoSuchMethodError'{0x000000008f7220f8}: 'java.lang.Object java.lang.invoke.Invokers$Holder.linkToTargetMethod(java.lang.Object, java.lang.Object, java.lang.Object, int, java.lang.Object, java.lang.Object)'> (0x000000008f7220f8) thrown at [./src/hotspot/share/interpreter/linkResolver.cpp, line 773]
Event: 33.307 Thread 0x0000023503bde000 Exception <a 'java/lang/IncompatibleClassChangeError'{0x000000008f7b01a8}: Found class java.lang.Object, but interface was expected> (0x000000008f7b01a8) thrown at [./src/hotspot/share/interpreter/linkResolver.cpp, line 839]
Event: 33.489 Thread 0x0000023503bde000 Exception <a 'java/lang/NoSuchMethodError'{0x000000008f5429c0}: 'void java.lang.invoke.DirectMethodHandle$Holder.invokeVirtual(java.lang.Object, java.lang.Object)'> (0x000000008f5429c0) thrown at [./src/hotspot/share/interpreter/linkResolver.cpp, line 773]
Event: 33.671 Thread 0x0000023503bde000 Exception <a 'java/lang/NoSuchMethodError'{0x000000008f2d2780}: 'void java.lang.invoke.DirectMethodHandle$Holder.invokeStatic(java.lang.Object, java.lang.Object, java.lang.Object, java.lang.Object, java.lang.Object, java.lang.Object, java.lang.Object)'> (0x000000008f2d2780) thrown at [./src/hotspot/share/interpreter/linkResolver.cpp, line 773]
Event: 33.696 Thread 0x00000235023b4000 Exception <a 'java/lang/NoSuchMethodError'{0x000000008f048020}: <clinit>> (0x000000008f048020) thrown at [./src/hotspot/share/prims/jni.cpp, line 1362]
Event: 33.792 Thread 0x0000023503bde000 Exception <a 'sun/nio/fs/WindowsException'{0x000000008ef3c0e8}> (0x000000008ef3c0e8) thrown at [./src/hotspot/share/prims/jni.cpp, line 615]
Event: 33.792 Thread 0x0000023503bde000 Exception <a 'sun/nio/fs/WindowsException'{0x000000008ef3d7b0}> (0x000000008ef3d7b0) thrown at [./src/hotspot/share/prims/jni.cpp, line 615]
Event: 33.888 Thread 0x0000023503fb7000 Exception <a 'sun/nio/fs/WindowsException'{0x000000008ed2d600}> (0x000000008ed2d600) thrown at [./src/hotspot/share/prims/jni.cpp, line 615]
Event: 35.254 Thread 0x0000023503b68000 Exception <a 'java/lang/NoSuchMethodError'{0x000000008e13a190}: 'java.lang.Object java.lang.invoke.DirectMethodHandle$Holder.invokeSpecialIFC(java.lang.Object, java.lang.Object, java.lang.Object)'> (0x000000008e13a190) thrown at [./src/hotspot/share/interpreter/linkResolver.cpp, line 773]
Event: 35.254 Thread 0x0000023503b63000 Exception <a 'java/lang/NoSuchMethodError'{0x000000008e151070}: 'java.lang.Object java.lang.invoke.DirectMethodHandle$Holder.invokeSpecialIFC(java.lang.Object, java.lang.Object, java.lang.Object)'> (0x000000008e151070) thrown at [./src/hotspot/share/interpreter/linkResolver.cpp, line 773]
Event: 35.254 Thread 0x0000023503b67000 Exception <a 'java/lang/NoSuchMethodError'{0x000000008e2599b8}: 'java.lang.Object java.lang.invoke.DirectMethodHandle$Holder.invokeSpecialIFC(java.lang.Object, java.lang.Object, java.lang.Object)'> (0x000000008e2599b8) thrown at [./src/hotspot/share/interpreter/linkResolver.cpp, line 773]
Event: 35.255 Thread 0x0000023503b64000 Exception <a 'java/lang/NoSuchMethodError'{0x000000008e161968}: 'java.lang.Object java.lang.invoke.DirectMethodHandle$Holder.invokeSpecialIFC(java.lang.Object, java.lang.Object, java.lang.Object)'> (0x000000008e161968) thrown at [./src/hotspot/share/interpreter/linkResolver.cpp, line 773]
Event: 35.308 Thread 0x0000023503b67000 Exception <a 'java/lang/NoSuchMethodError'{0x000000008df58490}: 'int java.lang.invoke.DirectMethodHandle$Holder.invokeStaticInit(java.lang.Object, java.lang.Object, java.lang.Object, java.lang.Object, java.lang.Object)'> (0x000000008df58490) thrown at [./src/hotspot/share/interpreter/linkResolver.cpp, line 773]
Event: 37.195 Thread 0x0000023503fb6000 Exception <a 'java/lang/NoSuchMethodError'{0x000000008b109bb0}: <clinit>> (0x000000008b109bb0) thrown at [./src/hotspot/share/prims/jni.cpp, line 1362]

Events (20 events):
Event: 44.674 loading class com/google/common/io/ByteSink
Event: 44.674 loading class com/google/common/io/ByteSink done
Event: 44.676 loading class com/google/common/io/Files$FileByteSink
Event: 44.676 loading class com/google/common/io/Files$FileByteSink done
Event: 44.676 loading class com/google/common/io/LineProcessor
Event: 44.676 loading class com/google/common/io/LineProcessor done
Event: 44.677 loading class com/google/common/io/Files$2
Event: 44.677 loading class com/google/common/io/Files$2 done
Event: 44.677 loading class com/google/common/io/CharSink
Event: 44.677 loading class com/google/common/io/CharSink done
Event: 44.678 loading class com/google/common/io/ByteSink$AsCharSink
Event: 44.678 loading class com/google/common/io/ByteSink$AsCharSink done
Event: 44.802 loading class com/android/builder/internal/aapt/v2/Aapt2RenamingConventions
Event: 44.802 loading class com/android/builder/internal/aapt/v2/Aapt2RenamingConventions done
Event: 44.803 loading class com/android/builder/internal/aapt/v2/Aapt2Exception
Event: 44.803 loading class com/android/builder/internal/aapt/v2/Aapt2Exception done
Event: 44.804 loading class com/android/ide/common/blame/MergingLogPersistUtil
Event: 44.804 loading class com/android/ide/common/blame/MergingLogPersistUtil done
Event: 44.807 loading class com/android/ide/common/blame/MergingLogPersistUtil$SourcePositionsSerializer$JsonTypeAdapter
Event: 44.807 loading class com/android/ide/common/blame/MergingLogPersistUtil$SourcePositionsSerializer$JsonTypeAdapter done


Dynamic libraries:
0x00007ff7878f0000 - 0x00007ff7878fa000 	C:\Program Files\Android\Android Studio4\jre\bin\java.exe
0x00007ffb3adf0000 - 0x00007ffb3afdd000 	C:\WINDOWS\SYSTEM32\ntdll.dll
0x00007ffb38c00000 - 0x00007ffb38cb3000 	C:\WINDOWS\System32\KERNEL32.DLL
0x00007ffb37a40000 - 0x00007ffb37cd5000 	C:\WINDOWS\System32\KERNELBASE.dll
0x00007ffb37920000 - 0x00007ffb37a1a000 	C:\WINDOWS\System32\ucrtbase.dll
0x00007ffb0dd40000 - 0x00007ffb0dd59000 	C:\Program Files\Android\Android Studio4\jre\bin\jli.dll
0x00007ffb38430000 - 0x00007ffb385c7000 	C:\WINDOWS\System32\USER32.dll
0x00007ffb37a20000 - 0x00007ffb37a40000 	C:\WINDOWS\System32\win32u.dll
0x00007ffb38180000 - 0x00007ffb381a9000 	C:\WINDOWS\System32\GDI32.dll
0x00007ffb37780000 - 0x00007ffb3791a000 	C:\WINDOWS\System32\gdi32full.dll
0x00007ffb37f70000 - 0x00007ffb38010000 	C:\WINDOWS\System32\msvcp_win.dll
0x00007ffb25b50000 - 0x00007ffb25dc9000 	C:\WINDOWS\WinSxS\amd64_microsoft.windows.common-controls_6595b64144ccf1df_6.0.17763.1282_none_de75b6f253473c0f\COMCTL32.dll
0x00007ffb38380000 - 0x00007ffb3841e000 	C:\WINDOWS\System32\msvcrt.dll
0x00007ffb3aa20000 - 0x00007ffb3ad4c000 	C:\WINDOWS\System32\combase.dll
0x00007ffb39310000 - 0x00007ffb39432000 	C:\WINDOWS\System32\RPCRT4.dll
0x00007ffb37ec0000 - 0x00007ffb37f3e000 	C:\WINDOWS\System32\bcryptPrimitives.dll
0x00007ffb0b550000 - 0x00007ffb0b567000 	C:\Program Files\Android\Android Studio4\jre\bin\VCRUNTIME140.dll
0x00007ffb39440000 - 0x00007ffb3946e000 	C:\WINDOWS\System32\IMM32.DLL
0x00007ffafe490000 - 0x00007ffafe52d000 	C:\Program Files\Android\Android Studio4\jre\bin\msvcp140.dll
0x00007ffac0c20000 - 0x00007ffac16ef000 	C:\Program Files\Android\Android Studio4\jre\bin\server\jvm.dll
0x00007ffb39470000 - 0x00007ffb39513000 	C:\WINDOWS\System32\ADVAPI32.dll
0x00007ffb38b60000 - 0x00007ffb38bfe000 	C:\WINDOWS\System32\sechost.dll
0x00007ffb38420000 - 0x00007ffb38428000 	C:\WINDOWS\System32\PSAPI.DLL
0x00007ffb18530000 - 0x00007ffb18539000 	C:\WINDOWS\SYSTEM32\WSOCK32.dll
0x00007ffb3ad50000 - 0x00007ffb3adbd000 	C:\WINDOWS\System32\WS2_32.dll
0x00007ffb31200000 - 0x00007ffb31224000 	C:\WINDOWS\SYSTEM32\WINMM.dll
0x00007ffb30ae0000 - 0x00007ffb30aea000 	C:\WINDOWS\SYSTEM32\VERSION.dll
0x00007ffb311d0000 - 0x00007ffb311fd000 	C:\WINDOWS\SYSTEM32\winmmbase.dll
0x00007ffb36fe0000 - 0x00007ffb3702a000 	C:\WINDOWS\System32\cfgmgr32.dll
0x00007ffb36de0000 - 0x00007ffb36df1000 	C:\WINDOWS\System32\kernel.appcore.dll
0x00007ffb1ead0000 - 0x00007ffb1eae1000 	C:\Program Files\Android\Android Studio4\jre\bin\verify.dll
0x00007ffb347e0000 - 0x00007ffb349cd000 	C:\WINDOWS\SYSTEM32\DBGHELP.DLL
0x00007ffb28bf0000 - 0x00007ffb28c1a000 	C:\WINDOWS\SYSTEM32\dbgcore.DLL
0x00007ffb1e5b0000 - 0x00007ffb1e5d9000 	C:\Program Files\Android\Android Studio4\jre\bin\java.dll
0x00007ffb208e0000 - 0x00007ffb208eb000 	C:\Program Files\Android\Android Studio4\jre\bin\jimage.dll
0x00007ffb1e620000 - 0x00007ffb1e638000 	C:\Program Files\Android\Android Studio4\jre\bin\zip.dll
0x00007ffb39520000 - 0x00007ffb3aa18000 	C:\WINDOWS\System32\SHELL32.dll
0x00007ffb38cc0000 - 0x00007ffb38d68000 	C:\WINDOWS\System32\shcore.dll
0x00007ffb37030000 - 0x00007ffb3777f000 	C:\WINDOWS\System32\windows.storage.dll
0x00007ffb36e00000 - 0x00007ffb36e24000 	C:\WINDOWS\System32\profapi.dll
0x00007ffb36e50000 - 0x00007ffb36ead000 	C:\WINDOWS\System32\powrprof.dll
0x00007ffb38850000 - 0x00007ffb388a2000 	C:\WINDOWS\System32\shlwapi.dll
0x00007ffb36fc0000 - 0x00007ffb36fd7000 	C:\WINDOWS\System32\cryptsp.dll
0x00007ffb1e490000 - 0x00007ffb1e4aa000 	C:\Program Files\Android\Android Studio4\jre\bin\net.dll
0x00007ffb35000000 - 0x00007ffb350f2000 	C:\WINDOWS\SYSTEM32\WINHTTP.dll
0x00007ffb36640000 - 0x00007ffb366a7000 	C:\WINDOWS\system32\mswsock.dll
0x00007ffb1e470000 - 0x00007ffb1e484000 	C:\Program Files\Android\Android Studio4\jre\bin\nio.dll
0x00007ffb01c20000 - 0x00007ffb01c47000 	C:\Users\raind\Documents\gradle-6.1.1\native\8bec1ad78214c89d9ad589b4d07fe93259594b29d510b10fafb7a158f7737e5d\windows-amd64\native-platform.dll
0x00007ffaeafb0000 - 0x00007ffaeb0ed000 	C:\Users\raind\Documents\gradle-6.1.1\native\53dbd7edfb1c66fb8903c78663c9afc45aea4f116125fa6feffd364cf09443e8\windows-amd64\native-platform-file-events.dll
0x00007ffb1fcb0000 - 0x00007ffb1fcba000 	C:\Program Files\Android\Android Studio4\jre\bin\management.dll
0x00007ffb1eac0000 - 0x00007ffb1eacc000 	C:\Program Files\Android\Android Studio4\jre\bin\management_ext.dll
0x00007ffb361c0000 - 0x00007ffb361f3000 	C:\WINDOWS\system32\rsaenh.dll
0x00007ffb37f40000 - 0x00007ffb37f66000 	C:\WINDOWS\System32\bcrypt.dll
0x00007ffb36cd0000 - 0x00007ffb36cf8000 	C:\WINDOWS\SYSTEM32\USERENV.dll
0x00007ffb36810000 - 0x00007ffb3681c000 	C:\WINDOWS\SYSTEM32\CRYPTBASE.dll
0x00007ffb36360000 - 0x00007ffb3639d000 	C:\WINDOWS\SYSTEM32\IPHLPAPI.DLL
0x00007ffb381b0000 - 0x00007ffb381b8000 	C:\WINDOWS\System32\NSI.dll
0x00007ffb28810000 - 0x00007ffb28826000 	C:\WINDOWS\SYSTEM32\dhcpcsvc6.DLL
0x00007ffb28620000 - 0x00007ffb2863c000 	C:\WINDOWS\SYSTEM32\dhcpcsvc.DLL
0x00007ffb363a0000 - 0x00007ffb36467000 	C:\WINDOWS\SYSTEM32\DNSAPI.dll

dbghelp: loaded successfully - version: 4.0.5 - missing functions: none
symbol engine: initialized successfully - sym options: 0x614 - pdb path: .;C:\Program Files\Android\Android Studio4\jre\bin;C:\WINDOWS\SYSTEM32;C:\WINDOWS\WinSxS\amd64_microsoft.windows.common-controls_6595b64144ccf1df_6.0.17763.1282_none_de75b6f253473c0f;C:\Program Files\Android\Android Studio4\jre\bin\server;C:\Users\raind\Documents\gradle-6.1.1\native\8bec1ad78214c89d9ad589b4d07fe93259594b29d510b10fafb7a158f7737e5d\windows-amd64;C:\Users\raind\Documents\gradle-6.1.1\native\53dbd7edfb1c66fb8903c78663c9afc45aea4f116125fa6feffd364cf09443e8\windows-amd64

VM Arguments:
jvm_args: --add-opens=java.base/java.util=ALL-UNNAMED --add-opens=java.base/java.lang=ALL-UNNAMED --add-opens=java.base/java.lang.invoke=ALL-UNNAMED --add-opens=java.base/java.util=ALL-UNNAMED --add-opens=java.prefs/java.util.prefs=ALL-UNNAMED --add-opens=java.prefs/java.util.prefs=ALL-UNNAMED --add-opens=java.base/java.nio.charset=ALL-UNNAMED --add-opens=java.base/java.net=ALL-UNNAMED --add-opens=java.base/java.util.concurrent.atomic=ALL-UNNAMED -Xmx2048m -Dfile.encoding=UTF-8 -Duser.country=CA -Duser.language=en -Duser.variant 
java_command: org.gradle.launcher.daemon.bootstrap.GradleDaemon 7.0.2
java_class_path (initial): C:\Users\raind\Documents\gradle-6.1.1\wrapper\dists\gradle-7.0.2-bin\857tjihv64xamwrf0h14cai3r\gradle-7.0.2\lib\gradle-launcher-7.0.2.jar
Launcher Type: SUN_STANDARD

[Global flags]
     intx CICompilerCount                          = 3                                         {product} {ergonomic}
     uint ConcGCThreads                            = 1                                         {product} {ergonomic}
     uint G1ConcRefinementThreads                  = 4                                         {product} {ergonomic}
   size_t G1HeapRegionSize                         = 1048576                                   {product} {ergonomic}
    uintx GCDrainStackTargetSize                   = 64                                        {product} {ergonomic}
   size_t InitialHeapSize                          = 266338304                                 {product} {ergonomic}
   size_t MarkStackSize                            = 4194304                                   {product} {ergonomic}
   size_t MaxHeapSize                              = 2147483648                                {product} {command line}
   size_t MaxNewSize                               = 1287651328                                {product} {ergonomic}
   size_t MinHeapDeltaBytes                        = 1048576                                   {product} {ergonomic}
    uintx NonNMethodCodeHeapSize                   = 5830732                                {pd product} {ergonomic}
    uintx NonProfiledCodeHeapSize                  = 122913754                              {pd product} {ergonomic}
    uintx ProfiledCodeHeapSize                     = 122913754                              {pd product} {ergonomic}
    uintx ReservedCodeCacheSize                    = 251658240                              {pd product} {ergonomic}
     bool SegmentedCodeCache                       = true                                      {product} {ergonomic}
     bool UseCompressedClassPointers               = true                                 {lp64_product} {ergonomic}
     bool UseCompressedOops                        = true                                 {lp64_product} {ergonomic}
     bool UseG1GC                                  = true                                      {product} {ergonomic}
     bool UseLargePagesIndividualAllocation        = false                                  {pd product} {ergonomic}

Logging:
Log output configuration:
 #0: stdout all=warning uptime,level,tags
 #1: stderr all=off uptime,level,tags

Environment Variables:
JAVA_HOME=C:\Program Files\Android\Android Studio\jre
PATH=C:\Program Files (x86)\VMware\VMware Player\bin\;C:\Program Files (x86)\Common Files\Oracle\Java\javapath;C:\Program Files (x86)\Razer Chroma SDK\bin;C:\Program Files\Razer Chroma SDK\bin;C:\Program Files (x86)\Common Files\Intel\Shared Libraries\redist\intel64\compiler;C:\ProgramData\Oracle\Java\javapath;C:\Program Files\Intel\iCLS Client\;C:\WINDOWS\system32;C:\WINDOWS;C:\WINDOWS\System32\Wbem;C:\WINDOWS\System32\WindowsPowerShell\v1.0\;C:\Program Files (x86)\IVI Foundation\VISA\WinNT\Bin;C:\WINDOWS\system32\config\systemprofile\AppData\Local\Microsoft\WindowsApps;C:\WINDOWS\System32\OpenSSH\;C:\Program Files\Intel\WiFi\bin\;C:\Program Files\Common ;C:\Program Files\Common Files\Intel\WirelessCommon\;C:\WINDOWS\system32;C:\WINDOWS;C:\WINDOWS\System32\Wbem;C:\WINDOWS\System32\WindowsPowerShell\v1.0\;C:\WINDOWS\System32\OpenSSH\;C:\Program Files\Intel\WiFi\bin\;C:\Program Files\Common Files\Intel\WirelessCommon\;C:\Program Files (x86)\Xuggle\bin;c:\Program Files (x86)\Intel\Intel(R) Management Engine Components\DAL;c:\Program Files\Intel\Intel(R) Management Engine Components\DAL;C:\Program Files\Git\cmd;C:\Users\raind\AppData\Local\Programs\Python\Python36-32\Scripts\;C:\Users\raind\AppData\Local\Programs\Python\Python36-32\;C:\Users\raind\AppData\Local\Microsoft\WindowsApps;C:\Program Files\Android\Android Studio\jre\bin;C:\Users\raind\AppData\Local\GitHubDesktop\bin
USERNAME=raind
OS=Windows_NT
PROCESSOR_IDENTIFIER=Intel64 Family 6 Model 142 Stepping 9, GenuineIntel



---------------  S Y S T E M  ---------------

OS: Windows 10 , 64 bit Build 17763 (10.0.17763.1158)
OS uptime: 7 days 23:29 hours

CPU:total 4 (initial active 4) (2 cores per cpu, 2 threads per core) family 6 model 142 stepping 9 microcode 0xb4, cmov, cx8, fxsr, mmx, sse, sse2, sse3, ssse3, sse4.1, sse4.2, popcnt, avx, avx2, aes, clmul, erms, 3dnowpref, lzcnt, ht, tsc, tscinvbit, bmi1, bmi2, adx, fma

Memory: 4k page, system-wide physical 16238M (1931M free)
TotalPageFile size 16238M (AvailPageFile size 5M)
current process WorkingSet (physical memory assigned to process): 471M, peak: 472M
current process commit charge ("private bytes"): 523M, peak: 526M

vm_info: OpenJDK 64-Bit Server VM (11.0.10+0-b96-7249189) for windows-amd64 JRE (11.0.10+0-b96-7249189), built on Mar 31 2021 21:44:00 by "builder" with MS VC++ 14.0 (VS2015)

END.
